./README.CMake
./test/trend2d/trend.sh
./test/gshhg/comb_ants.sh
./test/gshhg/two_ants.sh
./test/grdedit/edit.sh
./test/grdmask/sphinout.sh
./test/grdmask/ogrtest.sh
./test/pslegend/lines.sh
./test/pslegend/leg3D.sh
./test/pslegend/legend3D.sh
./test/pslegend/zlegend.sh
./test/pslegend/fill_frame.sh
./test/pslegend/stacklegend.sh
./test/pslegend/fancy.sh
./test/pslegend/stacklegendmod.sh
./test/pslegend/legend.sh
./test/gmtselect/near_a_point.sh
./test/gmtselect/near_a_line.sh
./test/gmtselect/inoutgrid.sh
./test/gmtselect/selectlines.sh
./test/ogr/select.m
./test/ogr/quakes.sh
./test/gmtsimplify/reduce.sh
./test/grdproject/units.sh
./test/pstext/boxtext.sh
./test/pstext/corner_justify.sh
./test/pstext/cliptxtbox.sh
./test/sample1d/sample.sh
./test/sample1d/splines.sh
./test/filter1d/cfilter.sh
./test/filter1d/filter.sh
./test/filter1d/highpass.sh
./test/filter1d/smooth_track.sh
./test/filter1d/mfilter.sh
./test/spotter/spotter_06.sh
./test/spotter/spotter_06.m
./test/spotter/spotter_02.sh
./test/spotter/spotter_12.sh
./test/spotter/spotter_03.sh
./test/spotter/spotter_07.sh
./test/spotter/spotter_04.sh
./test/spotter/spotter_05.sh
./test/spotter/spotter_01.sh
./test/spotter/spotter_11.sh
./test/spotter/spoter_6.m
./test/grdsample/sample.sh
./test/grdsample/straddle.sh
./test/grdview/cuerpo.sh
./test/grdview/wrap.sh
./test/grdview/categorical.sh
./test/grdview/denver.sh
./test/grdview/grdview.sh
./test/grdview/icelandbox.sh
./test/grdblend/blend.sh
./test/greenspline/gspline_3.sh
./test/greenspline/gspline_6.sh
./test/greenspline/gspline_2.sh
./test/greenspline/gspline_5.sh
./test/greenspline/gspline_1.sh
./test/greenspline/gspline_4.sh
./test/fitcircle/circles.sh
./test/grdpaste/paste_gridreg_underlap_bf.sh
./test/grdpaste/paste_gridreg_underlap.sh
./test/grdpaste/paste_pixreg.sh
./test/grdpaste/paste_pixreg_overlap.sh
./test/grdpaste/paste_x.sh
./test/grdpaste/paste_esri.sh
./test/gmtconvert/mixread.sh
./test/gmtconvert/segsearch.sh
./test/gmtconvert/conversion.sh
./test/grdfilter/threads.sh
./test/grdfilter/filtertest.sh
./test/grdfilter/spikes.sh
./test/grdfilter/openmp.sh
./test/spectrum1d/power1D.sh
./test/exmod/ex02.sh
./test/exmod/ex12.sh
./test/exmod/ex06.sh
./test/exmod/ex47.sh
./test/exmod/ex03.sh
./test/exmod/ex13.sh
./test/exmod/ex18.sh
./test/exmod/ex14.sh
./test/exmod/ex01.sh
./test/exmod/ex15.sh
./test/gmtconnect/connect.sh
./test/psxy/clipping5.sh
./test/psxy/cartvec.sh
./test/psxy/filler.sh
./test/psxy/custom_symbol.sh
./test/psxy/custom_textsymbol.sh
./test/psxy/repeat1.sh
./test/psxy/trimvector.m
./test/psxy/clipping1.sh
./test/psxy/geovector.sh
./test/psxy/geosegmentize.m
./test/psxy/trimvector.sh
./test/psxy/flowvectors.sh
./test/psxy/arcs.sh
./test/psxy/clipping6.m
./test/psxy/matharc.sh
./test/psxy/clipping4.sh
./test/psxy/ErrorEllipseGeo.sh
./test/psxy/quotedstraight.sh
./test/psxy/datagrep.sh
./test/psxy/txtsymb.sh
./test/psxy/allsymbcm.sh
./test/psxy/wedges.sh
./test/psxy/wrapping.sh
./test/psxy/clipping5.m
./test/psxy/tiling.sh
./test/psxy/smallcirvec.sh
./test/psxy/front.sh
./test/psxy/gaps.sh
./test/psxy/barshv.sh
./test/psxy/decoratedlines.m
./test/psxy/oldvec.sh
./test/psxy/endarrows.sh
./test/psxy/plot_TS.sh
./test/psxy/custom_azim.sh
./test/psxy/clipping4.m
./test/psxy/polar.sh
./test/psxy/ErrorEllipseCart.sh
./test/psxy/decoratedlines.sh
./test/psxy/clip_ellipse.sh
./test/psxy/quotedlinedash.sh
./test/psxy/vector.sh
./test/psxy/units.sh
./test/psxy/clipping3.sh
./test/psxy/antwrap.sh
./test/psxy/connections.sh
./test/psxy/hexagone.sh
./test/psxy/stairs.sh
./test/psxy/quotedclip.sh
./test/psxy/plot_errbars.sh
./test/psxy/segmentize.sh
./test/psxy/linetrim.sh
./test/psxy/quotedlines.sh
./test/psxy/rotrectangle.sh
./test/psxy/linearrow.sh
./test/psxy/plot_symbols.sh
./test/psxy/colorlines.sh
./test/psxy/repeat2.sh
./test/psxy/conic.sh
./test/psxy/clipping2.sh
./test/psxy/allsymbinch.sh
./test/psxy/windbarb.sh
./test/psxy/boxwhisk.sh
./test/psxy/trimline.sh
./test/README.tests
./test/grdconvert/reformat_bd.sh
./test/grdconvert/reformat_bs.sh
./test/grdconvert/reformat_ei.sh
./test/grdconvert/reformat_bi.sh
./test/grdconvert/reformat_bf.sh
./test/grdconvert/reformat_af.sh
./test/grdconvert/reformat_bb.sh
./test/grdconvert/reformat_rf.sh
./test/grdconvert/reformat_ef.sh
./test/grdconvert/reformat_sf.sh
./test/gmtinfo/binascregion.sh
./test/gmtspatial/poldecimate.sh
./test/gmtspatial/intersect.sh
./test/gmtspatial/poldecimate.jl
./test/gmtspatial/poldecimate.m
./test/gmtspatial/measure.m
./test/gmtspatial/measure.jl
./test/gmtspatial/ph.sh
./test/gmtspatial/nn.sh
./test/surface/periodic.sh
./test/pshistogram/mmm.sh
./test/sph2grd/EGM96.sh
./test/sph2grd/one.sh
./test/blockmedian/rectest.sh
./test/grdvector/vectors.m
./test/grdvolume/grdvolume.sh
./test/gmtlogo/logos.sh
./test/time/time_testing_4.sh
./test/time/time_testing_1.sh
./test/time/time_autointerval.sh
./test/time/time_testing_5.sh
./test/time/time_testing_8.sh
./test/time/time_testing_9.sh
./test/time/time_testing_2.sh
./test/time/time_testing_6.sh
./test/time/time_testing_7.sh
./test/time/time_testing_3.sh
./test/psimage/psimage.sh
./test/psimage/withgdal.sh
./test/psimage/transparent_gif.sh
./test/img/imgmap.sh
./test/sph/sph_3.sh
./test/sph/sph_5.m
./test/sph/sph_2.sh
./test/sph/sph_1.sh
./test/sph/sph_5.sh
./test/sph/sph_4.sh
./test/project/cartesian.sh
./test/project/small.sh
./test/project/generate.sh
./test/project/circles.sh
./test/project/oblique.sh
./test/grd2cpt/paintallzs.sh
./test/mgd77/test_cm4.sh
./test/mgd77/cm4.sh
./test/mgd77/convert.sh
./test/mgd77/track.sh
./test/psxyz/cartvec.sh
./test/psxyz/geovector.sh
./test/psxyz/matharc.sh
./test/psxyz/wedges.sh
./test/psxyz/front.sh
./test/psxyz/oldvec.sh
./test/psxyz/3dbars.sh
./test/psxyz/vector.sh
./test/psxyz/rotrectangle.sh
./test/psxyz/plot_symbols.sh
./test/gmtmath/pdfs2.sh
./test/gmtmath/cdfs1.sh
./test/gmtmath/gmtmath_op.sh
./test/gmtmath/lsfit.sh
./test/gmtmath/pdfs1.sh
./test/potential/flex2d.sh
./test/potential/deflections.sh
./test/potential/flex_inplane.sh
./test/potential/case_largeR_noW.sh
./test/potential/case_largeR_withW.sh
./test/potential/spheres.m
./test/potential/flexure_e.m
./test/potential/case_smallR_withW.sh
./test/potential/run_GPS_case_sub
./test/potential/cseamounts.sh
./test/potential/cross_spec.sh
./test/potential/case_smallR_noW.sh
./test/potential/cyl2d.sh
./test/potential/spheres.jl
./test/potential/fields.sh
./test/potential/flexure_e.sh
./test/potential/variablerho.sh
./test/potential/flexapprox.sh
./test/potential/admittance.sh
./test/potential/gseamounts.sh
./test/potential/test_earthtide.sh
./test/potential/growth.sh
./test/splitxyz/split.sh
./test/grdfft/bworthr.sh
./test/grdfft/out_taper.sh
./test/grdfft/power2D.sh
./test/grdfft/in_taper.sh
./test/grdfft/cylundulation.sh
./test/grdfft/gfilter.sh
./test/psbasemap/mapscales.m
./test/psbasemap/rose_dir.sh
./test/psbasemap/origin.sh
./test/psbasemap/annotations4.sh
./test/psbasemap/position1.sh
./test/psbasemap/annotations1.sh
./test/psbasemap/rose_mag1.sh
./test/psbasemap/horlabel.sh
./test/psbasemap/dual_labels.sh
./test/psbasemap/annotations2.sh
./test/psbasemap/inside.sh
./test/psbasemap/rose_mag2.sh
./test/psbasemap/phasegrid.sh
./test/psbasemap/annotations3.sh
./test/psbasemap/map_JE.m
./test/psbasemap/oblique.m
./test/psbasemap/test-JXd.sh
./test/psrose/rose_uncentered.sh
./test/psrose/rose_centered.sh
./test/pscoast/pscoast_JM.sh
./test/pscoast/pscoast_180.sh
./test/pscoast/pscoast_JE2.sh
./test/pscoast/oblsuite.m
./test/pscoast/pscoast_JE3.sh
./test/pscoast/pscoast_Madagascar.sh
./test/pscoast/placement.sh
./test/pscoast/pscoast_JA.sh
./test/pscoast/pscoast_JE.sh
./test/pscoast/pscoast_mess.sh
./test/pscoast/pscoast_JS.sh
./test/pscoast/pscoast_JW.sh
./test/pscoast/spain.sh
./test/mapproject/oblmerc_down.sh
./test/mapproject/oblmerc_up.sh
./test/mapproject/proj4.sh
./test/mapproject/snyder.sh
./test/grdcut/subset.sh
./test/grdcut/origin.sh
./test/nearneighbor/nat_nn.sh
./test/api/apicheck_G.sh
./test/api/apicheck_C.sh
./test/api/apivec.sh
./test/api/apiusermix.sh
./test/api/apicheck_I.sh
./test/api/apiconv.sh
./test/api/test_grid_io.sh
./test/api/apiuserdataset.sh
./test/api/apimatgrd.sh
./test/api/apimat.sh
./test/api/apiusergrid.sh
./test/api/apicheck_D.sh
./test/api/apiuservec.sh
./test/grdfill/nnfill.sh
./test/grdfill/showregions.sh
./test/grdfill/constfill.sh
./test/grdcontour/grdtime.sh
./test/grdcontour/clipannot.sh
./test/grdcontour/grdcontour.sh
./test/grdcontour/bigisland.sh
./test/grdcontour/closed.sh
./test/grdcontour/labels.sh
./test/grdcontour/saddle.sh
./test/grdcontour/contours.sh
./test/grdcontour/filled_cont.sh
./test/grdcontour/view_filled.sh
./test/triangulate/trivor.sh
./test/triangulate/nnn.sh
./test/grdclip/limits.sh
./test/grdimage/subset.sh
./test/grdimage/grdcyclic.sh
./test/grdimage/force_global.sh
./test/grdimage/globalgrid.sh
./test/grdimage/readwrite_withgdal.sh
./test/grdimage/grdimage.sh
./test/grdimage/colormasking.sh
./test/grdimage/rendering.sh
./test/grdimage/hovmuller.sh
./test/grdimage/grdwrap.sh
./test/grdimage/grdclip.sh
./test/grdimage/readwrite_withgdal.m
./test/grdimage/grdread.sh
./test/grdimage/lonshift.sh
./test/psscale/psscale.sh
./test/psscale/seis.sh
./test/psscale/pattern.sh
./test/genper/pacific_map_1.sh
./test/genper/east_map_3.sh
./test/genper/hyperbolic_map.sh
./test/genper/east_map_7.sh
./test/genper/east_map_6.sh
./test/genper/east_map_2.sh
./test/genper/east_map_8.sh
./test/genper/snyder_map.sh
./test/genper/east_map_5.sh
./test/genper/east_map_1.sh
./test/genper/pacific_map_2.sh
./test/genper/east_map_0.sh
./test/genper/east_map_4.sh
./test/grdlandmask/mask.sh
./test/grdlandmask/greenwich.sh
./test/meca/meca_10.sh
./test/meca/meca_04.sh
./test/meca/meca_14.sh
./test/meca/meca_05.sh
./test/meca/meca_01.sh
./test/meca/meca_11.sh
./test/meca/meca_06.sh
./test/meca/meca_02.sh
./test/meca/meca_03.sh
./test/meca/meca_13.sh
./test/meca/meca_07.sh
./test/meca/meca_08.sh
./test/segy/segy_04.sh
./test/segy/segy_01.sh
./test/segy/segy_05.sh
./test/segy/segy_02.sh
./test/segy/segy_03.sh
./test/pscontour/saver.sh
./test/pscontour/clipannot.sh
./test/pscontour/hilow.sh
./test/pscontour/thickness.sh
./test/grd2xyz/extract.sh
./test/pssac/pssac_C.sh
./test/pssac/pssac_G.sh
./test/pssac/pssac_F.sh
./test/pssac/pssac_geo.sh
./test/pssac/pssac_Q.sh
./test/pssac/pssac_M.sh
./test/pssac/pssac_T.sh
./test/pssac/pssac_W.sh
./test/pssac/pssac_stdin.sh
./test/pssac/pssac_E.sh
./test/pssac/pssac_common-options.sh
./test/pssac/pssac_D.sh
./test/grdtrend/trend_linear.sh
./test/grdtrend/trend_robust.sh
./test/blockmean/xy2ij.sh
./test/blockmean/etest.sh
./test/blockmean/io.sh
./test/makecpt/logcpt.sh
./test/makecpt/autocpt.sh
./test/makecpt/timecpt.sh
./test/gmtregress/york_1966.sh
./test/gmtregress/regress_2.sh
./test/gmtregress/regress_1.sh
./test/gmtregress/draper.sh
./doc_classic/examples/ex12/example_12.bat
./doc_classic/examples/ex12/example_12.sh
./doc_classic/examples/ex15/example_15.bat
./doc_classic/examples/ex15/example_15.sh
./doc_classic/examples/ex23/example_23.sh
./doc_classic/examples/ex23/example_23.bat
./doc_classic/examples/ex24/example_24.bat
./doc_classic/examples/ex24/example_24.sh
./doc_classic/examples/ex48/example_48.sh
./doc_classic/examples/ex41/example_41.bat
./doc_classic/examples/ex41/example_41.sh
./doc_classic/examples/ex46/example_46.sh
./doc_classic/examples/ex46/example_46.bat
./doc_classic/examples/ex25/example_25.sh
./doc_classic/examples/ex25/example_25.bat
./doc_classic/examples/ex22/example_22.sh
./doc_classic/examples/ex22/example_22.bat
./doc_classic/examples/ex14/example_14.bat
./doc_classic/examples/ex14/example_14.sh
./doc_classic/examples/anim01/anim_01.sh
./doc_classic/examples/ex13/example_13.bat
./doc_classic/examples/ex13/example_13.sh
./doc_classic/examples/ex47/example_47.sh
./doc_classic/examples/ex47/example_47.bat
./doc_classic/examples/ex40/example_40.bat
./doc_classic/examples/ex40/example_40.sh
./doc_classic/examples/ex49/example_49.sh
./doc_classic/examples/ex49/example_49.bat
./doc_classic/examples/do_view.bat
./doc_classic/examples/README.SCRIPTS
./doc_classic/examples/do_examples.bat
./doc_classic/examples/ex31/example_31.bat
./doc_classic/examples/ex31/example_31.sh
./doc_classic/examples/ex36/example_36.sh
./doc_classic/examples/ex36/example_36.bat
./doc_classic/examples/ex09/example_09.sh
./doc_classic/examples/ex09/example_09.bat
./doc_classic/examples/ex07/example_07.bat
./doc_classic/examples/ex07/example_07.sh
./doc_classic/examples/ex38/example_38.bat
./doc_classic/examples/ex38/example_38.sh
./doc_classic/examples/ex06/example_06.bat
./doc_classic/examples/ex06/example_06.sh
./doc_classic/examples/ex39/example_39.bat
./doc_classic/examples/ex39/example_39.sh
./doc_classic/examples/ex01/example_01.bat
./doc_classic/examples/ex01/example_01.sh
./doc_classic/examples/ex37/example_37.sh
./doc_classic/examples/ex37/example_37.bat
./doc_classic/examples/ex08/example_08.sh
./doc_classic/examples/ex08/example_08.bat
./doc_classic/examples/ex30/example_30.bat
./doc_classic/examples/ex30/example_30.sh
./doc_classic/examples/ex45/example_45.bat
./doc_classic/examples/ex45/example_45.sh
./doc_classic/examples/ex42/example_42.sh
./doc_classic/examples/ex42/example_42.bat
./doc_classic/examples/ex29/example_29.bat
./doc_classic/examples/ex29/example_29.sh
./doc_classic/examples/anim04/anim_04.sh
./doc_classic/examples/ex16/example_16.sh
./doc_classic/examples/ex16/example_16.bat
./doc_classic/examples/anim03/anim_03.sh
./doc_classic/examples/ex11/example_11.bat
./doc_classic/examples/ex11/example_11.sh
./doc_classic/examples/ex18/example_18.sh
./doc_classic/examples/ex18/example_18.bat
./doc_classic/examples/ex27/example_27.sh
./doc_classic/examples/ex27/example_27.bat
./doc_classic/examples/ex20/example_20.sh
./doc_classic/examples/ex20/example_20.bat
./doc_classic/examples/ex43/example_43.sh
./doc_classic/examples/ex43/example_43.bat
./doc_classic/examples/run_ex_tests.sh
./doc_classic/examples/ex44/example_44.bat
./doc_classic/examples/ex44/example_44.sh
./doc_classic/examples/ex21/example_21.sh
./doc_classic/examples/ex21/example_21.bat
./doc_classic/examples/ex19/example_19.sh
./doc_classic/examples/ex19/example_19.bat
./doc_classic/examples/ex26/example_26.sh
./doc_classic/examples/ex26/example_26.bat
./doc_classic/examples/anim02/anim_02.sh
./doc_classic/examples/ex10/example_10.bat
./doc_classic/examples/ex10/example_10.sh
./doc_classic/examples/anim05/anim_05.sh
./doc_classic/examples/ex28/example_28.bat
./doc_classic/examples/ex28/example_28.sh
./doc_classic/examples/ex17/example_17.sh
./doc_classic/examples/ex17/example_17.bat
./doc_classic/examples/do_view.sh
./doc_classic/examples/ex35/example_35.sh
./doc_classic/examples/ex35/example_35.bat
./doc_classic/examples/ex32/example_32.sh
./doc_classic/examples/ex32/example_32.bat
./doc_classic/examples/ex04/example_04.bat
./doc_classic/examples/ex04/example_04.sh
./doc_classic/examples/ex03/example_03.sh
./doc_classic/examples/ex03/example_03.bat
./doc_classic/examples/ex50/example_50.bat
./doc_classic/examples/ex50/example_50.sh
./doc_classic/examples/ex02/example_02.sh
./doc_classic/examples/ex02/example_02.bat
./doc_classic/examples/ex05/example_05.bat
./doc_classic/examples/ex05/example_05.sh
./doc_classic/examples/ex33/example_33.sh
./doc_classic/examples/ex33/example_33.bat
./doc_classic/examples/ex34/example_34.bat
./doc_classic/examples/ex34/example_34.sh
./doc_classic/scripts/GMT_App_J_2.sh
./doc_classic/scripts/GMT_linear.sh
./doc_classic/scripts/GMT_-B_time5.sh
./doc_classic/scripts/GMT_-B_pow.sh
./doc_classic/scripts/GMT_nearneighbor.sh
./doc_classic/scripts/GMT_mollweide.sh
./doc_classic/scripts/GMT_App_K_3.sh
./doc_classic/scripts/GMT_App_P_1.sh
./doc_classic/scripts/GMT_bezier.sh
./doc_classic/scripts/GMT_lambert_az_hemi.sh
./doc_classic/scripts/GMT_-B_time1.sh
./doc_classic/scripts/GMT_App_M_1a.sh
./doc_classic/scripts/GMT_transverse_merc.sh
./doc_classic/scripts/GMT_App_G.sh
./doc_classic/scripts/GMT_Defaults_1c.sh
./doc_classic/scripts/GMT_linecap.sh
./doc_classic/scripts/GMT_eckert6.sh
./doc_classic/scripts/GMT_linear_cal.sh
./doc_classic/scripts/GMT_utm_zones.sh
./doc_classic/scripts/GMT_-B_log.sh
./doc_classic/scripts/GMT_equidistant_conic.sh
./doc_classic/scripts/GMT_stereonets.sh
./doc_classic/scripts/GMT_legend.sh
./doc_classic/scripts/GMT_stereographic_general.sh
./doc_classic/scripts/GMT_arrows_types.sh
./doc_classic/scripts/GMT_sinus_int.sh
./doc_classic/scripts/GMT_Defaults_1b.sh
./doc_classic/scripts/GMT_App_F_symbol_dingbats.sh
./doc_classic/scripts/GMT_cassini.sh
./doc_classic/scripts/GMT_App_J_3.sh
./doc_classic/scripts/GMT_App_F_stand+_iso+.sh
./doc_classic/scripts/GMT_orthographic.sh
./doc_classic/scripts/GMT_gnomonic.sh
./doc_classic/scripts/GMT_pstext_clearance.sh
./doc_classic/scripts/GMT_-B_time4.sh
./doc_classic/scripts/GMT_az_equidistant.sh
./doc_classic/scripts/GMT_App_K_2.sh
./doc_classic/scripts/GMT_lineoffset.sh
./doc_classic/scripts/GMT_tut_1.sh
./doc_classic/scripts/GMT_App_O_1.sh
./doc_classic/scripts/GMT_color_interpolate.sh
./doc_classic/scripts/GMT_polar.sh
./doc_classic/scripts/GMT_App_F_symbol.sh
./doc_classic/scripts/GMT_App_F_iso+.sh
./doc_classic/scripts/GMT_-B_geo_1.sh
./doc_classic/scripts/GMT_tut_11.sh
./doc_classic/scripts/GMT_App_O_5.sh
./doc_classic/scripts/GMT_tut_5.sh
./doc_classic/scripts/GMT_atan.sh
./doc_classic/scripts/GMT_hammer.sh
./doc_classic/scripts/GMT_tut_15.sh
./doc_classic/scripts/GMT_obl_merc.sh
./doc_classic/scripts/GMT_App_O_4.sh
./doc_classic/scripts/GMT_tut_4.sh
./doc_classic/scripts/GMT_-J.sh
./doc_classic/scripts/GMT_-R.sh
./doc_classic/scripts/GMT_SRTM.sh
./doc_classic/scripts/GMT_coverlogo.sh
./doc_classic/scripts/GMT_polyconic.sh
./doc_classic/scripts/GMT_tut_14.sh
./doc_classic/scripts/GMT_App_M_2.sh
./doc_classic/scripts/GMT_sinusoidal.sh
./doc_classic/scripts/GMT_anchor.sh
./doc_classic/scripts/GMT_mapscale.sh
./doc_classic/scripts/GMT_arrows.sh
./doc_classic/scripts/GMT_pstext_justify.sh
./doc_classic/scripts/GMT_TM.sh
./doc_classic/scripts/GMT_App_F_stand+.sh
./doc_classic/scripts/GMT_App_N_1.sh
./doc_classic/scripts/GMT_tut_10.sh
./doc_classic/scripts/GMT_RGBchart.sh
./doc_classic/scripts/GMT_App_O_7.sh
./doc_classic/scripts/GMT_-B_linear.sh
./doc_classic/scripts/GMT_tut_7.sh
./doc_classic/scripts/GMT_lambert_az_rect.sh
./doc_classic/scripts/GMT_tut_17.sh
./doc_classic/scripts/GMT_tut_3.sh
./doc_classic/scripts/GMT_App_O_3.sh
./doc_classic/scripts/GMT_panel.sh
./doc_classic/scripts/GMT_CPTscale.sh
./doc_classic/scripts/GMT_-U.sh
./doc_classic/scripts/GMT_volcano.sh
./doc_classic/scripts/GMT_tut_13.sh
./doc_classic/scripts/GMT_mag_rose.sh
./doc_classic/scripts/ml/GMT_grinten.m
./doc_classic/scripts/ml/GMT_insert.jl
./doc_classic/scripts/ml/GMT_grinten.jl
./doc_classic/scripts/ml/GMT_insert.m
./doc_classic/scripts/GMT_linearrow.sh
./doc_classic/scripts/GMT_tut_2.sh
./doc_classic/scripts/GMT_equi_cyl.sh
./doc_classic/scripts/GMT_vertscale.sh
./doc_classic/scripts/GMT_App_O_2.sh
./doc_classic/scripts/GMT_winkel.sh
./doc_classic/scripts/GMT_colorbar.sh
./doc_classic/scripts/GMT_miller.sh
./doc_classic/scripts/GMT_-B_geo_2.sh
./doc_classic/scripts/GMT_tut_12.sh
./doc_classic/scripts/GMT_App_O_6.sh
./doc_classic/scripts/GMT_dir_rose.sh
./doc_classic/scripts/GMT_-OK.sh
./doc_classic/scripts/GMT_tut_6.sh
./doc_classic/scripts/GMT_App_F_dingbats.sh
./doc_classic/scripts/GMT_-P.sh
./doc_classic/scripts/GMT_encoding.sh
./doc_classic/scripts/GMT_perspective.sh
./doc_classic/scripts/GMT_tut_16.sh
./doc_classic/scripts/GMT_-B_time3.sh
./doc_classic/scripts/GMT_App_M_1c.sh
./doc_classic/scripts/GMT_mercator.sh
./doc_classic/scripts/GMT_gall_stereo.sh
./doc_classic/scripts/GMT_linear_d.sh
./doc_classic/scripts/GMT_App_E.sh
./doc_classic/scripts/GMT_robinson.sh
./doc_classic/scripts/GMT_App_K_5.sh
./doc_classic/scripts/GMT_Defaults_1a.sh
./doc_classic/scripts/GMT_stereographic_polar.sh
./doc_classic/scripts/GMT_tut_9.sh
./doc_classic/scripts/GMT_App_O_9.sh
./doc_classic/scripts/GMT_-B_time7.sh
./doc_classic/scripts/GMT_log.sh
./doc_classic/scripts/GMT_lambert_conic.sh
./doc_classic/scripts/GMT_tut_19.sh
./doc_classic/scripts/GMT_albers.sh
./doc_classic/scripts/GMT_App_K_1.sh
./doc_classic/scripts/GMT_App_J_1.sh
./doc_classic/scripts/GMT_tut_8.sh
./doc_classic/scripts/GMT_images.sh
./doc_classic/scripts/GMT_insert.sh
./doc_classic/scripts/GMT_-B_time6.sh
./doc_classic/scripts/GMT_App_O_8.sh
./doc_classic/scripts/GMT_hinge.sh
./doc_classic/scripts/GMT_tut_18.sh
./doc_classic/scripts/GMT_registration.sh
./doc_classic/scripts/GMT_App_P_2.sh
./doc_classic/scripts/GMT_eckert4.sh
./doc_classic/scripts/GMT_general_cyl.sh
./doc_classic/scripts/GMT_-B_time2.sh
./doc_classic/scripts/GMT_App_M_1b.sh
./doc_classic/scripts/GMT_grinten.sh
./doc_classic/scripts/GMT_-XY.sh
./doc_classic/scripts/GMT_pow.sh
./doc_classic/scripts/GMT_-B_custom.sh
./doc_classic/scripts/GMT_App_K_4.sh
./doc_classic/scripts/GMT_stereographic_rect.sh
./doc_modern/examples/ex12/example_12.bat
./doc_modern/examples/ex12/example_12.sh
./doc_modern/examples/anim07/anim_07.sh
./doc_modern/examples/ex15/example_15.bat
./doc_modern/examples/ex15/example_15.sh
./doc_modern/examples/ex23/example_23.sh
./doc_modern/examples/ex23/example_23.bat
./doc_modern/examples/ex24/example_24.bat
./doc_modern/examples/ex24/example_24.sh
./doc_modern/examples/ex48/example_48.sh
./doc_modern/examples/ex41/example_41.bat
./doc_modern/examples/ex41/example_41.sh
./doc_modern/examples/ex46/example_46.sh
./doc_modern/examples/ex46/example_46.bat
./doc_modern/examples/ex25/example_25.sh
./doc_modern/examples/ex25/example_25.bat
./doc_modern/examples/ex22/example_22.sh
./doc_modern/examples/ex22/example_22.bat
./doc_modern/examples/anim06/anim_06.sh
./doc_modern/examples/ex14/example_14.bat
./doc_modern/examples/ex14/example_14.sh
./doc_modern/examples/anim01/anim_01.sh
./doc_modern/examples/ex13/example_13.bat
./doc_modern/examples/ex13/example_13.sh
./doc_modern/examples/ex47/example_47.sh
./doc_modern/examples/ex47/example_47.bat
./doc_modern/examples/ex40/example_40.bat
./doc_modern/examples/ex40/example_40.sh
./doc_modern/examples/ex49/example_49.sh
./doc_modern/examples/ex49/example_49.bat
./doc_modern/examples/do_view.bat
./doc_modern/examples/do_examples.bat
./doc_modern/examples/ex31/example_31.bat
./doc_modern/examples/ex31/example_31.sh
./doc_modern/examples/ex36/example_36.sh
./doc_modern/examples/ex36/example_36.bat
./doc_modern/examples/ex09/example_09.sh
./doc_modern/examples/ex09/example_09.bat
./doc_modern/examples/ex07/example_07.bat
./doc_modern/examples/ex07/example_07.sh
./doc_modern/examples/ex38/example_38.bat
./doc_modern/examples/ex38/example_38.sh
./doc_modern/examples/ex06/example_06.bat
./doc_modern/examples/ex06/example_06.sh
./doc_modern/examples/ex39/example_39.bat
./doc_modern/examples/ex39/example_39.sh
./doc_modern/examples/ex01/example_01.bat
./doc_modern/examples/ex01/example_01.sh
./doc_modern/examples/ex37/example_37.sh
./doc_modern/examples/ex37/example_37.bat
./doc_modern/examples/ex08/example_08.sh
./doc_modern/examples/ex08/example_08.bat
./doc_modern/examples/ex30/example_30.bat
./doc_modern/examples/ex30/example_30.sh
./doc_modern/examples/ex45/example_45.bat
./doc_modern/examples/ex45/example_45.sh
./doc_modern/examples/ex42/example_42.sh
./doc_modern/examples/ex42/example_42.bat
./doc_modern/examples/ex29/example_29.bat
./doc_modern/examples/ex29/example_29.sh
./doc_modern/examples/ex16/example_16.sh
./doc_modern/examples/ex16/example_16.bat
./doc_modern/examples/anim03/anim_03.sh
./doc_modern/examples/ex11/example_11.bat
./doc_modern/examples/ex11/example_11.sh
./doc_modern/examples/ex18/example_18.sh
./doc_modern/examples/ex18/example_18.bat
./doc_modern/examples/ex27/example_27.sh
./doc_modern/examples/ex27/example_27.bat
./doc_modern/examples/ex20/example_20.sh
./doc_modern/examples/ex20/example_20.bat
./doc_modern/examples/ex43/example_43.sh
./doc_modern/examples/ex43/example_43.bat
./doc_modern/examples/run_ex_tests.sh
./doc_modern/examples/ex44/example_44.bat
./doc_modern/examples/ex44/example_44.sh
./doc_modern/examples/ex21/example_21.sh
./doc_modern/examples/ex21/example_21.bat
./doc_modern/examples/ex19/example_19.sh
./doc_modern/examples/ex19/example_19.bat
./doc_modern/examples/ex26/example_26.sh
./doc_modern/examples/ex26/example_26.bat
./doc_modern/examples/anim02/anim_02.sh
./doc_modern/examples/ex10/example_10.bat
./doc_modern/examples/ex10/example_10.sh
./doc_modern/examples/anim05/anim_05.sh
./doc_modern/examples/ex28/example_28.bat
./doc_modern/examples/ex28/example_28.sh
./doc_modern/examples/ex17/example_17.sh
./doc_modern/examples/ex17/example_17.bat
./doc_modern/examples/do_view.sh
./doc_modern/examples/ex35/example_35.sh
./doc_modern/examples/ex35/example_35.bat
./doc_modern/examples/ex32/example_32.sh
./doc_modern/examples/ex32/example_32.bat
./doc_modern/examples/ex04/example_04.bat
./doc_modern/examples/ex04/example_04.sh
./doc_modern/examples/ex03/example_03.sh
./doc_modern/examples/ex03/example_03.bat
./doc_modern/examples/ex50/example_50.bat
./doc_modern/examples/ex50/example_50.sh
./doc_modern/examples/ex02/example_02.sh
./doc_modern/examples/ex02/example_02.bat
./doc_modern/examples/ex05/example_05.bat
./doc_modern/examples/ex05/example_05.sh
./doc_modern/examples/ex33/example_33.sh
./doc_modern/examples/ex33/example_33.bat
./doc_modern/examples/ex34/example_34.bat
./doc_modern/examples/ex34/example_34.sh
./doc_modern/scripts/GMT_App_J_2.sh
./doc_modern/scripts/GMT_linear.sh
./doc_modern/scripts/GMT_-B_time5.sh
./doc_modern/scripts/GMT_-B_pow.sh
./doc_modern/scripts/GMT_nearneighbor.sh
./doc_modern/scripts/GMT_mollweide.sh
./doc_modern/scripts/GMT_App_K_3.sh
./doc_modern/scripts/GMT_App_P_1.sh
./doc_modern/scripts/GMT_bezier.sh
./doc_modern/scripts/GMT_lambert_az_hemi.sh
./doc_modern/scripts/GMT_-B_time1.sh
./doc_modern/scripts/GMT_App_M_1a.sh
./doc_modern/scripts/GMT_transverse_merc.sh
./doc_modern/scripts/GMT_App_G.sh
./doc_modern/scripts/GMT_Defaults_1c.sh
./doc_modern/scripts/GMT_linecap.sh
./doc_modern/scripts/GMT_eckert6.sh
./doc_modern/scripts/GMT_linear_cal.sh
./doc_modern/scripts/GMT_utm_zones.sh
./doc_modern/scripts/GMT_-B_log.sh
./doc_modern/scripts/GMT_equidistant_conic.sh
./doc_modern/scripts/GMT_stereonets.sh
./doc_modern/scripts/GMT_legend.sh
./doc_modern/scripts/GMT_stereographic_general.sh
./doc_modern/scripts/GMT_arrows_types.sh
./doc_modern/scripts/GMT_sinus_int.sh
./doc_modern/scripts/GMT_Defaults_1b.sh
./doc_modern/scripts/GMT_App_F_symbol_dingbats.sh
./doc_modern/scripts/GMT_cassini.sh
./doc_modern/scripts/GMT_App_J_3.sh
./doc_modern/scripts/GMT_App_F_stand+_iso+.sh
./doc_modern/scripts/GMT_orthographic.sh
./doc_modern/scripts/GMT_gnomonic.sh
./doc_modern/scripts/GMT_pstext_clearance.sh
./doc_modern/scripts/GMT_-B_time4.sh
./doc_modern/scripts/GMT_az_equidistant.sh
./doc_modern/scripts/GMT_App_K_2.sh
./doc_modern/scripts/GMT_lineoffset.sh
./doc_modern/scripts/func_F_iso+.sh
./doc_modern/scripts/GMT_tut_1.sh
./doc_modern/scripts/GMT_App_O_1.sh
./doc_modern/scripts/GMT_color_interpolate.sh
./doc_modern/scripts/GMT_polar.sh
./doc_modern/scripts/GMT_App_F_symbol.sh
./doc_modern/scripts/GMT_App_F_iso+.sh
./doc_modern/scripts/GMT_-B_geo_1.sh
./doc_modern/scripts/GMT_tut_11.sh
./doc_modern/scripts/GMT_App_O_5.sh
./doc_modern/scripts/GMT_tut_5.sh
./doc_modern/scripts/GMT_atan.sh
./doc_modern/scripts/GMT_hammer.sh
./doc_modern/scripts/GMT_tut_15.sh
./doc_modern/scripts/GMT_obl_merc.sh
./doc_modern/scripts/GMT_App_O_4.sh
./doc_modern/scripts/GMT_tut_4.sh
./doc_modern/scripts/GMT_-J.sh
./doc_modern/scripts/GMT_-R.sh
./doc_modern/scripts/GMT_SRTM.sh
./doc_modern/scripts/GMT_coverlogo.sh
./doc_modern/scripts/GMT_polyconic.sh
./doc_modern/scripts/GMT_tut_14.sh
./doc_modern/scripts/GMT_App_M_2.sh
./doc_modern/scripts/GMT_sinusoidal.sh
./doc_modern/scripts/GMT_anchor.sh
./doc_modern/scripts/GMT_mapscale.sh
./doc_modern/scripts/GMT_arrows.sh
./doc_modern/scripts/GMT_pstext_justify.sh
./doc_modern/scripts/GMT_TM.sh
./doc_modern/scripts/GMT_App_F_stand+.sh
./doc_modern/scripts/GMT_App_N_1.sh
./doc_modern/scripts/GMT_tut_10.sh
./doc_modern/scripts/GMT_RGBchart.sh
./doc_modern/scripts/GMT_App_O_7.sh
./doc_modern/scripts/GMT_-B_linear.sh
./doc_modern/scripts/GMT_tut_7.sh
./doc_modern/scripts/GMT_lambert_az_rect.sh
./doc_modern/scripts/GMT_tut_17.sh
./doc_modern/scripts/GMT_tut_3.sh
./doc_modern/scripts/GMT_App_O_3.sh
./doc_modern/scripts/func_F_stand+.sh
./doc_modern/scripts/GMT_panel.sh
./doc_modern/scripts/GMT_CPTscale.sh
./doc_modern/scripts/GMT_-U.sh
./doc_modern/scripts/GMT_volcano.sh
./doc_modern/scripts/GMT_tut_13.sh
./doc_modern/scripts/GMT_mag_rose.sh
./doc_modern/scripts/GMT_linearrow.sh
./doc_modern/scripts/GMT_tut_2.sh
./doc_modern/scripts/GMT_equi_cyl.sh
./doc_modern/scripts/GMT_vertscale.sh
./doc_modern/scripts/GMT_App_O_2.sh
./doc_modern/scripts/GMT_winkel.sh
./doc_modern/scripts/GMT_colorbar.sh
./doc_modern/scripts/GMT_miller.sh
./doc_modern/scripts/GMT_-B_geo_2.sh
./doc_modern/scripts/GMT_tut_12.sh
./doc_modern/scripts/GMT_App_O_6.sh
./doc_modern/scripts/GMT_dir_rose.sh
./doc_modern/scripts/GMT_-OK.sh
./doc_modern/scripts/GMT_tut_6.sh
./doc_modern/scripts/GMT_App_F_dingbats.sh
./doc_modern/scripts/GMT_-P.sh
./doc_modern/scripts/GMT_encoding.sh
./doc_modern/scripts/GMT_perspective.sh
./doc_modern/scripts/GMT_tut_16.sh
./doc_modern/scripts/GMT_-B_time3.sh
./doc_modern/scripts/GMT_App_M_1c.sh
./doc_modern/scripts/GMT_mercator.sh
./doc_modern/scripts/GMT_gall_stereo.sh
./doc_modern/scripts/GMT_linear_d.sh
./doc_modern/scripts/GMT_App_E.sh
./doc_modern/scripts/GMT_robinson.sh
./doc_modern/scripts/GMT_App_K_5.sh
./doc_modern/scripts/GMT_Defaults_1a.sh
./doc_modern/scripts/GMT_stereographic_polar.sh
./doc_modern/scripts/GMT_tut_9.sh
./doc_modern/scripts/GMT_App_O_9.sh
./doc_modern/scripts/GMT_-B_time7.sh
./doc_modern/scripts/GMT_log.sh
./doc_modern/scripts/GMT_lambert_conic.sh
./doc_modern/scripts/GMT_tut_19.sh
./doc_modern/scripts/GMT_albers.sh
./doc_modern/scripts/GMT_App_K_1.sh
./doc_modern/scripts/GMT_App_J_1.sh
./doc_modern/scripts/GMT_tut_8.sh
./doc_modern/scripts/GMT_images.sh
./doc_modern/scripts/GMT_insert.sh
./doc_modern/scripts/GMT_-B_time6.sh
./doc_modern/scripts/GMT_App_O_8.sh
./doc_modern/scripts/GMT_hinge.sh
./doc_modern/scripts/GMT_tut_18.sh
./doc_modern/scripts/GMT_registration.sh
./doc_modern/scripts/GMT_App_P_2.sh
./doc_modern/scripts/GMT_eckert4.sh
./doc_modern/scripts/GMT_general_cyl.sh
./doc_modern/scripts/GMT_-B_time2.sh
./doc_modern/scripts/GMT_App_M_1b.sh
./doc_modern/scripts/GMT_grinten.sh
./doc_modern/scripts/GMT_-XY.sh
./doc_modern/scripts/GMT_pow.sh
./doc_modern/scripts/GMT_-B_custom.sh
./doc_modern/scripts/GMT_App_K_4.sh
./doc_modern/scripts/GMT_stereographic_rect.sh
./share/cpt/cyclic.cpt
./share/cpt/davos.cpt
./share/cpt/topo.cpt
./share/cpt/relief.cpt
./share/cpt/bathy.cpt
./share/cpt/berlin.cpt
./share/cpt/lisbon.cpt
./share/cpt/lapaz.cpt
./share/cpt/terra.cpt
./share/cpt/no_green.cpt
./share/cpt/earth.cpt
./share/cpt/roma.cpt
./share/cpt/magma.cpt
./share/cpt/drywet.cpt
./share/cpt/nighttime.cpt
./share/cpt/batlow.cpt
./share/cpt/gebco.cpt
./share/cpt/lajolla.cpt
./share/cpt/cork.cpt
./share/cpt/world.cpt
./share/cpt/abyss.cpt
./share/cpt/wysiwyg.cpt
./share/cpt/vik.cpt
./share/cpt/sealand.cpt
./share/cpt/oslo.cpt
./share/cpt/turku.cpt
./share/cpt/gray.cpt
./share/cpt/elevation.cpt
./share/cpt/polar.cpt
./share/cpt/ocean.cpt
./share/cpt/geo.cpt
./share/cpt/hot.cpt
./share/cpt/inferno.cpt
./share/cpt/paired.cpt
./share/cpt/broc.cpt
./share/cpt/red2green.cpt
./share/cpt/etopo1.cpt
./share/cpt/viridis.cpt
./share/cpt/rainbow.cpt
./share/cpt/panoply.cpt
./share/cpt/split.cpt
./share/cpt/grayC.cpt
./share/cpt/hawaii.cpt
./share/cpt/plasma.cpt
./share/cpt/dem4.cpt
./share/cpt/jet.cpt
./share/cpt/bilbao.cpt
./share/cpt/tofino.cpt
./share/cpt/categorical.cpt
./share/cpt/tokyo.cpt
./share/cpt/copper.cpt
./share/cpt/seis.cpt
./share/cpt/dem2.cpt
./share/cpt/oleron.cpt
./share/cpt/dem3.cpt
./share/cpt/seafloor.cpt
./share/cpt/globe.cpt
./share/cpt/ibcso.cpt
./share/cpt/haxby.cpt
./share/cpt/dem1.cpt
./share/cpt/cubhelix.cpt
./share/cpt/cool.cpt
./share/dbase/grdraster.info
./share/mgd77/mgd77_paths.txt
./share/mgg/carter.d
./share/mgg/gmtfile_paths
./share/x2sys/geoz.fmt
./share/x2sys/mgd77+.fmt
./share/x2sys/xyz.fmt
./share/x2sys/mgd77.fmt
./share/x2sys/gmt.fmt
./share/x2sys/dat.fmt
./share/x2sys/xy.fmt
./share/x2sys/geo.fmt
./share/custom/vneedle.def
./share/custom/hexagon.def
./share/custom/gmt_custom_symbols.conf
./share/custom/rflag.def
./share/custom/squaroid.def
./share/custom/crosshair.def
./share/custom/triangle.def
./share/custom/circle.def
./share/custom/hneedle.def
./share/custom/volcano.def
./share/custom/rtriangle.def
./share/custom/astroid.def
./share/custom/flash.def
./share/custom/rcrescent.def
./share/custom/hurricane.def
./share/custom/invtriangle.def
./share/custom/lflag.def
./share/custom/sun.def
./share/custom/star3.def
./share/custom/star.def
./share/custom/sectoid.def
./share/custom/hlens.def
./share/custom/vlozenge.def
./share/custom/hlozenge.def
./share/custom/starp.def
./share/custom/star4.def
./share/custom/pacman.def
./share/custom/square.def
./share/custom/deltoid.def
./share/custom/trirot4.def
./share/custom/pentagon.def
./share/custom/trirot3.def
./share/custom/octagon.def
./share/custom/diamond.def
./share/custom/trirot2.def
./share/custom/ltriangle.def
./share/custom/cross.def
./share/custom/lcrescent.def
./share/custom/meca.def
./share/custom/vlens.def
./share/custom/trirot1.def
./share/localization/gmt_fi.locale
./share/localization/gmt_se.locale
./share/localization/gmt_sg.locale
./share/localization/gmt_tr.locale
./share/localization/gmt_cn2.locale
./share/localization/gmt_dk.locale
./share/localization/gmt_it.locale
./share/localization/gmt_il.locale
./share/localization/gmt_jp.locale
./share/localization/gmt_no.locale
./share/localization/gmt_kr.locale
./share/localization/gmt_de.locale
./share/localization/gmt_es.locale
./share/localization/gmt_us.locale
./share/localization/gmt_uk.locale
./share/localization/gmt_is.locale
./share/localization/gmt_hi.locale
./share/localization/gmt_cn1.locale
./share/localization/gmt_ie.locale
./share/localization/gmt_fr.locale
./share/localization/gmt_pl.locale
./share/localization/br.d
./share/localization/gmt_pt.locale
./share/localization/gmt_nl.locale
./share/localization/gmt_to.locale
./share/localization/gmt_eh.locale
./share/localization/gmt_hu.locale
./src/grdmask.c
./src/grdcontour.c
./src/grdblend.c
./src/gmtlogo.c
./src/gshhg/README.gshhg
./src/grdmath_op.h.in
./src/psbasemap.c
./src/misc/README.misc
./src/misc/dimfilter.c
./src/gmt_keywords.txt
./src/gmtregress.c
./src/blockmean.c
./src/gshhg_version.c
./src/gmt_io.c
./src/gmt_grdio.h
./src/mapproject.c
./src/gmt_types.h
./src/gmt_map.c
./src/sphdistance.c
./src/gmt_project.h
./src/psclip.c
./src/grdedit.c
./src/grdfill.c
./src/s_rint.c
./src/grd2cpt.c
./src/block_subs.h
./src/declspec.h
./src/gmt_texture.h
./src/gmtspatial.c
./src/compat/qsort.h
./src/gmt_modern.h
./src/gmt_nan.h
./src/gmt_psl.h
./src/gmt_ogrread.c
./src/gmt_fft.c
./src/gmtmath_explain.h.in
./src/gmt_error.h
./src/gmt_resources.h
./src/common_string.c
./src/grdfft.c
./src/spotter/grdspotter.c
./src/spotter/gmtpmodeler.c
./src/spotter/rotconverter.c
./src/spotter/hotspotter.c
./src/spotter/grdpmodeler.c
./src/spotter/libspotter.c
./src/spotter/rotsmoother.c
./src/spotter/originater.c
./src/spotter/spotter.h
./src/spotter/spotter.sh
./src/spotter/polespotter.c
./src/spotter/spotter.bat
./src/spotter/backtracker.c
./src/spotter/README.spotter
./src/spotter/grdrotater.c
./src/testgrdio.c
./src/gmt_init.c
./src/makecpt.c
./src/common_sighandler.h
./src/gmt_gsformats.h
./src/gmtswitch.bat
./src/common_math.h
./src/testapiconv.c
./src/blockmode.c
./src/psxy_new.c
./src/psrose.c
./src/grdmath_explain.h.in
./src/psscale.c
./src/grdmath.h.in
./src/pscoast.c
./src/gmtmath_op.h.in
./src/gmt_common.h
./src/psxyz.c
./src/gmt_keywords.d
./src/grdfilter_mt.c
./src/gmt_customio.c
./src/postscriptlight.h
./src/gmt_notposix.c
./src/gmt_error_codes.c
./src/grdhisteq.c
./src/gmtset.c
./src/shelltest.sh
./src/gmt_esri_io.c
./src/grdvector.c
./src/gmt_dcw.c
./src/Colors.txt
./src/trend1d.c
./src/grdlandmask.c
./src/gmt_sph.c
./src/testgmtio.c
./src/gmt_remote.h
./src/grd2xyz.c
./src/gmtget.c
./src/grdvolume.c
./src/gmt_gdalread.c
./src/gmt_glib.h
./src/pshistogram.c
./src/gmt_internals.h
./src/spectrum1d.c
./src/triangulate.c
./src/gmtwrite.c
./src/project.c
./src/gmt_config.h.in
./src/psl_config.h.in
./src/grdcut.c
./src/gmt_shore.h
./src/config.h.in
./src/filter1d.c
./src/grdproject.c
./src/gmt_memory.h
./src/gmtswitch
./src/gmt_plot.h
./src/gmt_nc.c
./src/gmt_time.h
./src/isogmt.in
./src/psxy.c
./src/grdfilter.c
./src/grdsample.c
./src/gmtsimplify.c
./src/gmt_contour.h
./src/grdview.c
./src/surface_experimental.c
./src/grd2sph.c.template
./src/docs.c
./src/gmt_macros.h
./src/common_runpath.h
./src/gmtconnect.c
./src/testgmt.c
./src/gmt_gdal_librarified.c
./src/grdconvert.c
./src/gmt_version.h.in
./src/gmt.h
./src/gmt_decorate.h
./src/getopt.h
./src/sample1d.c
./src/gmtdefaults.c
./src/gmt-config.in
./src/s_rint.h
./src/psmask.c
./src/greenspline.c
./src/testapi.c
./src/img/README.img
./src/TRIANGLE.HOWTO
./src/grdtrack.c
./src/gmtwhich.c
./src/gmtvector.c
./src/gmt_proj.c
./src/gmt_synopsis.h
./src/gmt_constants.h
./src/gmt_clip_test.sh
./src/splitxyz.c
./src/gmt_grdio.c
./src/gmt_io.h
./src/gmt_vector.c
./src/figure.c
./src/gshhg_version.h
./src/script2verbatim.c
./src/mgd77/mgd77_recalc.h
./src/mgd77/mgd77convert.c
./src/mgd77/mgd77header.c
./src/mgd77/mgd77magref.c
./src/mgd77/mgd77manage.c
./src/mgd77/cm4_functions.h
./src/mgd77/mgd77_rls_coeffs.h
./src/mgd77/mgd77sniffer.c
./src/mgd77/reformat_kyoto_dst.sh
./src/mgd77/mgd77path.c
./src/mgd77/mgd77.c
./src/mgd77/mgd77_IGF_coeffs.h
./src/mgd77/mgd77info.c
./src/mgd77/README.developer
./src/mgd77/mgd77view
./src/mgd77/mgd77_e77.h
./src/mgd77/README.mgd77
./src/mgd77/mgd77_init.h
./src/mgd77/mgd77track.c
./src/mgd77/mgd77magref.h
./src/mgd77/mgd77sniffer.h
./src/mgd77/cm4_functions.c
./src/mgd77/mgd77list.c
./src/mgd77/mgd77.h
./src/mgd77/mgd77snifferdefaults.h
./src/gmt2kml.c
./src/gmt_hidden.h
./src/pssolar.c
./src/pswiggle.c
./src/testpsl.c
./src/gmtinfo.c
./src/grdclip.c
./src/gmt_hash.h
./src/potential/talwani3d.c
./src/potential/grdseamount.c
./src/potential/README.potential
./src/potential/talwani2d.c
./src/potential/grdgravmag3d.c
./src/potential/grdflexure.c
./src/potential/gravfft.c
./src/potential/okbfuns.h
./src/potential/talwani.h
./src/potential/gpsgridder.c
./src/potential/gmtflexure.c
./src/potential/grdredpol.c
./src/potential/earthtide.c
./src/potential/gmtgravmag3d.c
./src/potential/okbfuns.c
./src/sphinterpolate.c
./src/nearneighbor.c
./src/clear.c
./src/gmt_grd.h
./src/common_math.c
./src/gmt_ogrproj.c
./src/gmt_api.c
./src/postscriptlight_f77.c
./src/gmtread.c
./src/gmt_regexp.c
./src/pscontour.c
./src/gmt_bcr.c
./src/gmtselect.c
./src/surface_old.c
./src/grdpaste.c
./src/pstext.c
./src/sph2grd.c
./src/common_sighandler.c
./src/grdgradient.c
./src/gmt_stat.c
./src/trend2d.c
./src/gmtmath.h.in
./src/gmt_private.h
./src/gmt_error.c
./src/common_string.h
./src/grdmath.c
./src/gmt_support.c
./src/gmt_modern.c
./src/revert.c
./src/xyz2grd.c
./src/gmt_fft.h
./src/end.c
./src/psimage.c
./src/gmt_gdalread.h
./src/blockmedian.c
./src/gmt_prototypes.h
./src/gmt_sph.h
./src/subplot.c
./src/gmt_dcw.h
./src/gmt_remote.c
./src/pslegend.c
./src/gmt_dev.h
./src/x2sys/split_file4coes.m
./src/x2sys/x2sys_solve.c
./src/x2sys/x2sys_cross.c
./src/x2sys/x2sys_merge.c
./src/x2sys/x2sys_put.c
./src/x2sys/x2sys.h
./src/x2sys/x2sys_binlist.c
./src/x2sys/x2sys_init.c
./src/x2sys/x2sys_datalist.c
./src/x2sys/x2sys_get.c
./src/x2sys/x2sys_list.c
./src/x2sys/test_x2sys.sh
./src/x2sys/README.x2sys
./src/x2sys/x2sys_report.c
./src/x2sys/x2sys.c
./src/gmt_defaults.h
./src/gmt_dimensions.h.in
./src/gmt_mb.h
./src/movie.c
./src/grd2kml.c
./src/psconvert.c
./src/gmt_gdalwrite.c
./src/meca/psmeca.c
./src/meca/ERRATA
./src/meca/psvelo.c
./src/meca/pscoupe.c
./src/meca/README.meca
./src/meca/pspolar.c
./src/psternary.c
./src/sphtriangulate.c
./src/grdinfo.c
./src/gmt_notposix.h
./src/gmt_error_codes.h
./src/postscriptlight.c
./src/grdtrend.c
./src/gmt_customio.h
./src/segy/segyprogs_2.sh
./src/segy/segyprogs_3.sh
./src/segy/segy_io.h
./src/segy/segy2grd.c
./src/segy/pssegy.c
./src/segy/pssegyz.c
./src/segy/segy_io.c
./src/segy/segyprogs_4.sh
./src/segy/README.segyprogs
./src/segy/segyprogs_5.sh
./src/segy/segyprogs_1.sh
./src/gmt_symbol.h
./src/gmt_shell_functions.sh
./src/common_byteswap.h
./src/common_runpath.c
./src/gmt_parse.c
./src/getopt.c
./src/gmt.c
./src/testio.c
./src/grdimage.c
./src/kml2gmt.c
./src/fprototype.f
./src/gmt_cdf.c
./src/gmt_memory.c
./src/fitcircle.c
./src/gmtconvert.c
./src/gmtprogram.c
./src/gmt_plot.c
./src/gmt_calclock.c
./src/psldemo.h
./src/gmtmath.c
./src/gmt_shore.c
./src/gmt_compat.c
