src/dbase/README.dbase
src/dbase/grdraster.c
src/dbase/grdraster.man
src/dbase/grdraster.html
src/dbase/makefile
share/dbase/grdraster.info
src/gshhs/README.gshhs
src/gshhs/gshhs.c
src/gshhs/gshhs.h
src/gshhs/gshhs_dp.c
src/gshhs/gshhstograss.c
src/gshhs/makefile
src/imgsrc/README.imgsrc
src/imgsrc/gmt_imgsubs.c
src/imgsrc/gmt_imgsubs.h
src/imgsrc/img2mercgrd.c
src/imgsrc/img2mercgrd.man
src/imgsrc/img2mercgrd.html
src/imgsrc/img2grd
src/imgsrc/img2grd.man
src/imgsrc/img2grd.html
src/imgsrc/makefile
src/meca/README.meca
src/meca/makefile
src/meca/psmeca.c
src/meca/psmeca.man
src/meca/psmeca.html
src/meca/pscoupe.c
src/meca/pscoupe.man
src/meca/pscoupe.html
src/meca/pspolar.c
src/meca/pspolar.man
src/meca/pspolar.html
src/meca/psvelo.c
src/meca/psvelo.man
src/meca/psvelo.html
src/meca/submeca.c
src/meca/submeca.h
src/meca/utilmeca.c
src/meca/utilmeca.h
src/meca/utilstrain.c
src/meca/utilstrain.h
src/meca/utilvelo.c
src/meca/utilvelo.h
src/meca/distaz.c
src/meca/nrutil.c
src/meca/nrutil.h
src/meca/meca.h
src/meca/meca_1.csh
src/meca/meca_2.csh
src/meca/meca_3.csh
src/meca/meca_4.csh
src/mex/mex.README
src/mex/grdinfo.m
src/mex/grdinfo2.c
src/mex/grdread.c
src/mex/grdread.m
src/mex/grdwrite.c
src/mex/grdwrite.m
src/mex/makefile.in
src/mex/configure
src/mex/configure.in
src/mgd77/README.mgd77
src/mgd77/makefile
src/mgd77/mgd77.c
src/mgd77/mgd77defaults.h
src/mgd77/mgd77.h
src/mgd77/mgd77info.c
src/mgd77/mgd77info.man
src/mgd77/mgd77info.html
src/mgd77/mgd77list.c
src/mgd77/mgd77list.man
src/mgd77/mgd77list.html
src/mgd77/mgd77track.c
src/mgd77/mgd77track.man
src/mgd77/mgd77track.html
share/mgd77/mgd77_paths.txt
src/mgg/README.mgg
src/mgg/binlegs.c
src/mgg/binlegs.man
src/mgg/binlegs.html
src/mgg/dat2gmt.c
src/mgg/carter.h
src/mgg/dat2gmt.man
src/mgg/dat2gmt.html
src/mgg/gmt2bin.c
src/mgg/gmt2bin.man
src/mgg/gmt2bin.html
src/mgg/gmt2dat.c
src/mgg/gmt2dat.man
src/mgg/gmt2dat.html
src/mgg/gmt_mgg.c
src/mgg/gmt_mgg.h
src/mgg/gmtinfo.c
src/mgg/gmtinfo.man
src/mgg/gmtinfo.html
src/mgg/gmtlegs.c
src/mgg/gmtlegs.man
src/mgg/gmtlegs.html
src/mgg/gmtlist.c
src/mgg/gmtlist.man
src/mgg/gmtlist.html
src/mgg/gmtpath.c
src/mgg/gmtpath.man
src/mgg/gmtpath.html
src/mgg/gmttrack.c
src/mgg/gmttrack.man
src/mgg/gmttrack.html
src/mgg/makefile
src/mgg/mgd77togmt.c
src/mgg/mgd77togmt.man
src/mgg/mgd77togmt.html
src/mgg/x_system.h
share/mgg/carter.d
share/mgg/gmtfile_paths
src/misc/README.misc
src/misc/makefile
src/misc/makepattern.c
src/misc/makepattern.man
src/misc/makepattern.html
src/misc/psmegaplot.c
src/misc/psmegaplot.man
src/misc/psmegaplot.html
src/segyprogs/README.segyprogs
src/segyprogs/makefile
src/segyprogs/pssegy.c
src/segyprogs/pssegy.man
src/segyprogs/pssegy.html
src/segyprogs/pssegyz.c
src/segyprogs/pssegyz.man
src/segyprogs/pssegyz.html
src/segyprogs/segy2grd.c
src/segyprogs/segy2grd.man
src/segyprogs/segy2grd.html
src/segyprogs/segy.h
src/segyprogs/segy_io.c
src/segyprogs/segy_io.h
src/segyprogs/segyreel.h
src/segyprogs/segyprogs_1.sh
src/segyprogs/segyprogs_2.sh
src/segyprogs/segyprogs_3.sh
src/segyprogs/segyprogs_4.sh
src/segyprogs/segyprogs_5.sh
src/segyprogs/test.list
src/segyprogs/test.cpt
src/segyprogs/wa1_mig13.segy
src/spotter/README.spotter
src/spotter/WK97.d
src/spotter/DC85.d
src/spotter/backtracker.c
src/spotter/backtracker.man
src/spotter/backtracker.html
src/spotter/hotspotter.c
src/spotter/hotspotter.man
src/spotter/hotspotter.html
src/spotter/originator.c
src/spotter/rotconverter.man
src/spotter/rotconverter.html
src/spotter/rotconverter.c
src/spotter/originator.man
src/spotter/originator.html
src/spotter/libspotter.c
src/spotter/makefile
src/spotter/makespotter.bat
src/spotter/seamounts.d
src/spotter/pac_hs.d
src/spotter/spotter.bat
src/spotter/spotter.h
src/spotter/spotter.sh
src/x2sys/README.x2sys
src/x2sys/x2sys.c
src/x2sys/x2sys.h
src/x2sys/x2sys_datalist.c
src/x2sys/x2sys_datalist.man
src/x2sys/x2sys_datalist.html
src/x2sys/x2sys_cross.c
src/x2sys/x2sys_cross.man
src/x2sys/x2sys_cross.html
src/x2sys/makefile
src/x2sys/gmt.def
src/x2sys/mgd77.def
src/x2sys/xy.def
src/x2sys/xyz.def
src/x_system/README.x_system
src/x_system/makefile
src/x_system/x_edit.c
src/x_system/x_edit.man
src/x_system/x_edit.html
src/x_system/x_init.c
src/x_system/x_init.man
src/x_system/x_init.html
src/x_system/x_list.c
src/x_system/x_list.man
src/x_system/x_list.html
src/x_system/x_over.c
src/x_system/x_over.man
src/x_system/x_over.html
src/x_system/x_remove.c
src/x_system/x_remove.man
src/x_system/x_remove.html
src/x_system/x_report.c
src/x_system/x_report.man
src/x_system/x_report.html
src/x_system/x_setup.c
src/x_system/x_setup.man
src/x_system/x_setup.html
src/x_system/x_solve_dc_drift.c
src/x_system/x_solve_dc_drift.man
src/x_system/x_solve_dc_drift.html
src/x_system/x_system.h
src/x_system/x_system.man
src/x_system/x_system.html
src/x_system/x_update.c
src/x_system/x_update.man
src/x_system/x_update.html
src/xgrid/README.xgrid
src/xgrid/makefile.in
src/xgrid/configure
src/xgrid/configure.in
src/xgrid/xGridEdit.c
src/xgrid/xgrid_Canvas.c
src/xgrid/xgrid_Canvas.h
src/xgrid/xgrid_CanvasP.h
src/xgrid/xgrid_GMTgrid.c
src/xgrid/xgrid_GMTgrid.h
src/xgrid/xgrid_Panner.c
src/xgrid/xgrid_Panner.h
src/xgrid/xgrid_PannerP.h
src/xgrid/xgrid_Xutility.c
src/xgrid/xgrid_Xutility.h
src/xgrid/xgrid_controls.c
src/xgrid/xgrid_controls.h
src/xgrid/xgrid_grid.h
src/xgrid/xgrid_messages.c
src/xgrid/xgrid_messages.h
src/xgrid/xgrid_textInput.c
src/xgrid/xgrid_textInput.h
src/xgrid/xgrid_textView.c
src/xgrid/xgrid_textView.h
src/xgrid/xgrid_utility.c
src/xgrid/xgrid_utility.h
src/xgrid/xgrid_view.c
src/xgrid/xgrid_view.h
