#	$Id: GMT_programs.lis,v 1.1 2002-02-26 19:55:21 pwessel Exp $
#
# GMT_programs.lis contains a list of actual GMT programs written in C
# It excludes scripts (such as GMT) and libraries (pslib etc).  We can
# use this list to append .c or .exe for various purposes
#
blockmean
blockmedian
blockmode
filter1d
fitcircle
gmt2rgb
gmtconvert
gmtdefaults
gmtmath
gmtselect
gmtset
grd2cpt
grd2xyz
grdblend
grdclip
grdcontour
grdcut
grdedit
grdfft
grdfilter
grdgradient
grdhisteq
grdimage
grdinfo
grdlandmask
grdmask
grdmath
grdpaste
grdproject
grdreformat
grdsample
grdtrack
grdtrend
grdvector
grdview
grdvolume
makecpt
mapproject
minmax
nearneighbor
project
psbasemap
psclip
pscoast
pscontour
pshistogram
psimage
pslegend
psmask
psrose
psscale
pstext
pswiggle
psxy
psxyz
sample1d
spectrum1d
splitxyz
surface
trend1d
trend2d
triangulate
xyz2grd
