share/doc/html/index.html
share/doc/html/gmt_services.html
share/doc/html/gmt_man.html
share/doc/html/gmt_suppl.html
share/doc/html/gmt_back.gif
share/doc/html/man/blockmean.html
share/doc/html/man/blockmedian.html
share/doc/html/man/blockmode.html
share/doc/html/man/filter1d.html
share/doc/html/man/fitcircle.html
share/doc/html/man/GMT.html
share/doc/html/man/gmt2rgb.html
share/doc/html/man/gmtconvert.html
share/doc/html/man/gmtdefaults.html
share/doc/html/man/gmtmath.html
share/doc/html/man/gmtselect.html
share/doc/html/man/gmtset.html
share/doc/html/man/grd2cpt.html
share/doc/html/man/grd2xyz.html
share/doc/html/man/grdblend.html
share/doc/html/man/grdclip.html
share/doc/html/man/grdcontour.html
share/doc/html/man/grdcut.html
share/doc/html/man/grdedit.html
share/doc/html/man/grdfft.html
share/doc/html/man/grdfilter.html
share/doc/html/man/grdgradient.html
share/doc/html/man/grdhisteq.html
share/doc/html/man/grdimage.html
share/doc/html/man/grdinfo.html
share/doc/html/man/grdlandmask.html
share/doc/html/man/grdmask.html
share/doc/html/man/grdmath.html
share/doc/html/man/grdpaste.html
share/doc/html/man/grdproject.html
share/doc/html/man/grdreformat.html
share/doc/html/man/grdsample.html
share/doc/html/man/grdtrack.html
share/doc/html/man/grdtrend.html
share/doc/html/man/grdvector.html
share/doc/html/man/grdview.html
share/doc/html/man/grdvolume.html
share/doc/html/man/greenspline.html
share/doc/html/man/makecpt.html
share/doc/html/man/mapproject.html
share/doc/html/man/minmax.html
share/doc/html/man/nearneighbor.html
share/doc/html/man/project.html
share/doc/html/man/ps2raster.html
share/doc/html/man/psbasemap.html
share/doc/html/man/psclip.html
share/doc/html/man/pscoast.html
share/doc/html/man/pscontour.html
share/doc/html/man/pshistogram.html
share/doc/html/man/psimage.html
share/doc/html/man/pslegend.html
share/doc/html/man/pslib.html
share/doc/html/man/psmask.html
share/doc/html/man/psrose.html
share/doc/html/man/psscale.html
share/doc/html/man/pstext.html
share/doc/html/man/pswiggle.html
share/doc/html/man/psxy.html
share/doc/html/man/psxyz.html
share/doc/html/man/sample1d.html
share/doc/html/man/spectrum1d.html
share/doc/html/man/splitxyz.html
share/doc/html/man/surface.html
share/doc/html/man/trend1d.html
share/doc/html/man/trend2d.html
share/doc/html/man/triangulate.html
share/doc/html/man/xyz2grd.html
