#	$Id: GMT_progs_files_ascii.lis,v 1.38 2007-05-18 00:05:12 remko Exp $
#
# GMT_progs_files_ascii.lis contains all the ascii files that should go into the
# GMT_progs tar/zip files.  See GMT_progs_files_bin.lis for binary files
#
ChangeLog
README
README.WIN32
COPYING
config.guess
config.sub
configure.in
configure
gmt_bench-marks
gmtswitch
install-sh
Makefile
src/TRIANGLE.HOWTO
src/README.TRIANGLE
src/triangle.c
src/triangle.h
src/makefile
src/makefile.dummy
src/makegmt.macros.in
src/gmtalldeps.macros
src/GMT.in
src/alpha-sincos.s
src/gmtinstall.bat
src/gmtenv.bat
src/gmtsuppl.bat
src/gmt.h
src/gmt_bcr.h
src/gmt_boundcond.h
src/gmt_calclock.h
src/gmt_colors.h
src/gmt_colornames.h
src/gmt_color_rgb.h
src/gmt_common.h
src/gmt_contour.h
src/gmt_customio.h
src/gmt_datums.h
src/gmt_defaults.h
src/gmt_ellipsoids.h
src/gmt_error.h
src/gmt_globals.h
src/gmt_grd.h
src/gmt_grdformats.h
src/gmt_grdio.h
src/gmt_init.h
src/gmt_io.h
src/gmt_keycases.h
src/gmt_keywords.h
src/gmt_map.h
src/gmt_math.h
src/gmt_mgg_header2.h
src/gmt_nan.h
src/gmt_notposix.h.in
src/gmt_notunix.h
src/gmt_media_name.h
src/gmt_media_size.h
src/gmt_parse_z_io.h
src/gmt_pennames.h
src/gmt_proj.h
src/gmt_plot.h
src/gmt_shore.h
src/gmt_stat.h
src/gmt_support.h
src/gmt_time_systems.h
src/gmt_project.h
src/gmt_symbol.h
src/gmt_synopsis.h
src/gmt_unique.h
src/gmt_vector.h
src/gmt_version.h
src/pslib.h
src/pslib_inc.h
src/blockmean.c
src/blockmedian.c
src/blockmode.c
src/block_subs.h
src/block_subs.c
src/filter1d.c
src/fitcircle.c
src/gmt_calclock.c
src/gmt_cdf.c
src/gmt_customio.c
src/gmt_grdio.c
src/gmt_init.c
src/gmt_io.c
src/gmt_map.c
src/gmt_mgg_header2.c
src/gmt_agc_io.c
src/gmt_nc.c
src/gmt_plot.c
src/gmt_proj.c
src/gmt_shore.c
src/gmt_stat.c
src/gmt_support.c
src/gmt_vector.c
src/gmt2rgb.c
src/gmtdefaults.c
src/gmtconvert.c
src/gmtmath.c
src/gmtmath_def.h
src/gmtmath_explain.h
src/gmtmath.h
src/gmtselect.c
src/gmtset.c
src/grd2cpt.c
src/grd2xyz.c
src/grdblend.c
src/grdclip.c
src/grdcontour.c
src/grdcut.c
src/grdedit.c
src/grdfft.c
src/grdfilter.c
src/grdgradient.c
src/grdhisteq.c
src/grdimage.c
src/grdinfo.c
src/grdlandmask.c
src/grdmask.c
src/grdmath.c
src/grdmath_def.h
src/grdmath_explain.h
src/grdmath.h
src/grdpaste.c
src/grdproject.c
src/grdreformat.c
src/grdsample.c
src/grdtrack.c
src/grdtrend.c
src/grdvector.c
src/grdview.c
src/grdvolume.c
src/makecpt.c
src/mapproject.c
src/minmax.c
src/nearneighbor.c
src/project.c
src/ps2raster.c
src/psbasemap.c
src/psclip.c
src/pscoast.c
src/pscontour.c
src/pshistogram.c
src/psimage.c
src/pslib.c
src/pslegend.c
src/psmask.c
src/psrose.c
src/psscale.c
src/pstext.c
src/pswiggle.c
src/psxy.c
src/psxyz.c
src/sample1d.c
src/spectrum1d.c
src/splitxyz.c
src/surface.c
src/trend1d.c
src/trend2d.c
src/triangulate.c
src/xyz2grd.c
