#	$Id$
#
# GMT_share_ascii.lis contains all the ascii files that should go into the
# GMT_share tar/zip files.  See GMT_share_bin.lis for binary files
#
LICENSE.TXT
share/conf/gmt_cpt.conf
share/conf/gmt_custom_media.conf
share/conf/gmt_custom_symbols.conf
share/cpt/categorical.cpt
share/cpt/cool.cpt
share/cpt/copper.cpt
share/cpt/cyclic.cpt
share/cpt/drywet.cpt
share/cpt/gebco.cpt
share/cpt/globe.cpt
share/cpt/gray.cpt
share/cpt/haxby.cpt
share/cpt/hot.cpt
share/cpt/jet.cpt
share/cpt/nighttime.cpt
share/cpt/no_green.cpt
share/cpt/ocean.cpt
share/cpt/panoply.cpt
share/cpt/paired.cpt
share/cpt/polar.cpt
share/cpt/rainbow.cpt
share/cpt/red2green.cpt
share/cpt/relief.cpt
share/cpt/sealand.cpt
share/cpt/seis.cpt
share/cpt/split.cpt
share/cpt/topo.cpt
share/cpt/wysiwyg.cpt
share/custom/astroid.def
share/custom/circle.def
share/custom/cross.def
share/custom/crosshair.def
share/custom/deltoid.def
share/custom/diamond.def
share/custom/flash.def
share/custom/hexagon.def
share/custom/hlens.def
share/custom/hlozenge.def
share/custom/hneedle.def
share/custom/hurricane.def
share/custom/invtriangle.def
share/custom/lcrescent.def
share/custom/lflag.def
share/custom/ltriangle.def
share/custom/meca.def
share/custom/octagon.def
share/custom/pacman.def
share/custom/pentagon.def
share/custom/rcrescent.def
share/custom/rflag.def
share/custom/rtriangle.def
share/custom/sectoid.def
share/custom/square.def
share/custom/squaroid.def
share/custom/star.def
share/custom/star3.def
share/custom/star4.def
share/custom/starp.def
share/custom/sun.def
share/custom/triangle.def
share/custom/trirot1.def
share/custom/trirot2.def
share/custom/trirot3.def
share/custom/trirot4.def
share/custom/vlens.def
share/custom/vlozenge.def
share/custom/vneedle.def
share/custom/volcano.def
share/pslib/ISO-8859-1.ps
share/pslib/ISO-8859-10.ps
share/pslib/ISO-8859-13.ps
share/pslib/ISO-8859-14.ps
share/pslib/ISO-8859-15.ps
share/pslib/ISO-8859-2.ps
share/pslib/ISO-8859-3.ps
share/pslib/ISO-8859-4.ps
share/pslib/ISO-8859-5.ps
share/pslib/ISO-8859-6.ps
share/pslib/ISO-8859-7.ps
share/pslib/ISO-8859-8.ps
share/pslib/ISO-8859-9.ps
share/pslib/ISOLatin1+.ps
share/pslib/ISOLatin1.ps
share/pslib/PSL_label.ps
share/pslib/PSL_prologue.ps
share/pslib/PSL_text.ps
share/pslib/PS_font_info.d
share/pslib/Standard+.ps
share/pslib/Standard.ps
share/time/br.d
share/time/cn1.d
share/time/cn2.d
share/time/de.d
share/time/dk.d
share/time/eh.d
share/time/es.d
share/time/fi.d
share/time/fr.d
share/time/gr.d
share/time/hu.d
share/time/ie.d
share/time/il.d
share/time/is.d
share/time/it.d
share/time/jp.d
share/time/nl.d
share/time/no.d
share/time/pl.d
share/time/pt.d
share/time/ru.d
share/time/se.d
share/time/sg.d
share/time/to.d
share/time/tr.d
share/time/uk.d
share/time/us.d
