#	$Id: ttt_functions.lis,v 1.7 2015/11/09 00:13:27 myself Exp $
txt2fl
ttt_file_prefix
ttt_skip_header
ttt_set_use_bits
ttt_read_header
ttt_read_bathymetry
ttt_read_grid
ttt_check_if_inside
ttt_check_source
ttt_init_offset
ttt_init_distances
ttt_calc_slowness
ttt_huygens_realtime
ttt_store_ttt
ttt_free_memory
ttt_memory
ttt_tslope
ttt_gravity
ttt_great_circle_dist
treeinitialize
treeinsert
treesmallest
treedelete
TTT_make_NaN
TTT_hypot
double_swab
ttt_decode_parameters
ttt_prep_source
ttt_set_bathymetry
ttt_huygens
Grid_index
ttt_set_ttt
ttt_wesn2header
