#	$Id: ttt_variables.lis,v 1.11 2015/11/09 00:13:27 myself Exp $
n_header_recs
give_dist
hours_to_unit
record
grdfile
d_format
i_OK
j_OK
s_lon
vsum
wsum
arrival
n_nodes
need_to_use
x_on_pad
y_on_pad
next_tt
current_tt
n_left
i360
nx_half
nx1
adjustment
ignore_east
tt_min
ok_to_use
low_nan_bits
med_nan_bits
high_nan_bits
low_use_bits
med_use_bits
high_use_bits
TTT_NaN
list_tail
list_head
imin
imax
jmin
jmax
search_radius
search_depth
depth_threshold
depth_ramp
not_used
wrap_check
new_z
tt_inc
row_width
col_height
nx
ny
wesn
z_min
z_max
z_scale_factor
z_add_offset
registration
periodic
wrap_s
wrap_n
wrap_i
norm_grav
ij_quake
i_quake
n_sources
source_file
q_lon
q_lat
swabbing
remove_bias
out_format
verbose
n_trunc
decasec
max_nodes
j_quake
search_nearest
ttt_rate
progname
lat2
lat1
lon2
lon1
n_files
error
quick
in_format
west
east
south
north
tttfile
bathy_file
name_stem
input_file
tlon
tlat
s_record
f_record
i180
skip_x
skip_y
too_shallow
node_on_land
shortest_dist
last_percent
percent
title
remark
x_units
y_units
z_units
command
t_format
latitude
file_format
file_name
prev_addr
n_alloc
item_size
nm_grid
string_len
short_row
d29y
d29x
d26y
d26x
d25x
d25y
d17x
d17y
d13x
d13y
d10x
d10y
d5x
d5y
xy_off
SS_00
SS_01
SS_02
SS_03
SS_04
SS_05
SS_06
SS_07
SS_08
SS_09
SS_10
SS_11
SS_12
SS_13
SS_14
SS_15
SS_16
SS_17
SS_18
SS_19
SS_20
SS_21
SS_22
SS_23
SS_24
SS_25
SS_26
SS_27
SS_28
SS_29
SS_30
SS_31
SS_32
SS_33
SS_34
SS_35
SS_36
SS_37
SS_38
SS_39
SS_40
SS_41
SS_42
SS_43
SS_44
SS_45
SS_46
SS_47
SS_48
SS_49
SS_50
SS_51
SS_52
SS_53
SS_54
SS_55
SS_56
SS_57
SS_58
SS_59
SS_60
SS_61
SS_62
SS_63
x0
y0
