#	$Id: ttt_macros.lis,v 1.9 2015/11/09 00:13:27 myself Exp $
N_PAD
N_CALC
M_ACCESS
DEGREE_TO_METER
DEGREE_2_KM
G_E
G_C1
G_C2
LBIT
MBIT
HBIT
SHORT_NAN
LAND
USED
OCEAN
CHUNK
D2R
R2D
CONV_LIMIT
ESRI_NAN
TWO_THIRD
FOUR_THIRD
FIVE_THIRD
THIRD
UNIT_TO_HOUR
TTT_is_fnan
ttt_j_to_y
ttt_i_to_x
ttt_x_to_i
ttt_y_to_j
TTT_INFO
SEARCH_RADIUS
RADIUS
LBIT
MBIT
HBIT
GET_TT_INC
IJ
TTT_IS_GMT_FLOAT
TTT_IS_GMT_SHORT
TTT_IS_GRIDFLOAT
TTT_IS_ESRIASCII
GRD_COMMAND_LEN
GRD_REMARK_LEN
GRD_TITLE_LEN
GRD_UNIT_LEN
GRD_HEADER_SIZE
GRD_HEADER
GMT_GRIDLINE_REG
GMT_PIXEL_REG
TTT_swab2
TTT_swab4
TTT_X
TTT_Y
TTT_LONG
T_LOCAL
T_UTC
