share/dbase/grdraster.info
share/mgd77/Dst_all.wdc
share/mgd77/F107_mon.plt
share/mgd77/mgd77_paths.txt
share/mgd77/umdl.CM4
share/x2sys/geo.def
share/x2sys/geoz.def
share/x2sys/gmt.def
share/x2sys/mgd77+.def
share/x2sys/mgd77.def
share/x2sys/xy.def
share/x2sys/xyz.def
src/dbase/Makefile
src/dbase/README.dbase
src/dbase/grdraster.1
src/dbase/gmt_dbase.h
src/dbase/grdraster.c
src/gshhs/Makefile
src/gshhs/README.gshhs
src/gshhs/gmt_gshhs.h
src/gshhs/gshhs.1
src/gshhs/gshhs.c
src/gshhs/gshhs.h
src/gshhs/gshhs_dp.1
src/gshhs/gshhs_dp.c
src/gshhs/gshhstograss.1
src/gshhs/gshhstograss.c
src/imgsrc/Makefile
src/imgsrc/README.imgsrc
src/imgsrc/gmt_img.h
src/imgsrc/gmt_imgsubs.c
src/imgsrc/gmt_imgsubs.h
src/imgsrc/img2google
src/imgsrc/img2google.1
src/imgsrc/img2grd.c
src/imgsrc/img2grd.1
src/meca/Makefile
src/meca/README.meca
src/meca/distaz.c
src/meca/gmt_meca.h
src/meca/meca.h
src/meca/meca_1.csh
src/meca/meca_2.csh
src/meca/meca_3.csh
src/meca/meca_4.csh
src/meca/nrutil.c
src/meca/nrutil.h
src/meca/pscoupe.1
src/meca/pscoupe.c
src/meca/psmeca.1
src/meca/psmeca.c
src/meca/pspolar.1
src/meca/pspolar.c
src/meca/psvelo.1
src/meca/psvelo.c
src/meca/submeca.c
src/meca/submeca.h
src/meca/utilmeca.c
src/meca/utilmeca.h
src/mex/Makefile
src/mex/README.mex
src/mex/blockmean.c
src/mex/gmt_mex.c
src/mex/gmt_mex.h
src/mex/gmtconvert.c
src/mex/grd2grd.c
src/mex/grdinfo.c
src/mex/grdinfo.m
src/mex/grdread.c
src/mex/grdread.m
src/mex/grdtrack.c
src/mex/grdwrite.c
src/mex/grdwrite.m
src/mex/imgread.m
src/mex/mapproject.c
src/mex/nearneighbor.c
src/mex/pscoast.c
src/mex/psxy.c
src/mex/surface.c
src/mex/grdclip.c
src/mex/grdcut.c
src/mex/grdedit.c
src/mex/grdfft.c
src/mex/grdfilter.c
src/mex/grdmath.c
src/mex/grdpaste.c
src/mex/grdproject.c
src/mex/grdsample.c
src/mex/grdtrend.c
src/mgd77/Makefile
src/mgd77/README.mgd77
src/mgd77/cm4_functions.c
src/mgd77/cm4_functions.h
src/mgd77/mgd77.c
src/mgd77/mgd77.h
src/mgd77/mgd77_IGF_coeffs.h
src/mgd77/mgd77_codes.h
src/mgd77/mgd77_e77.h
src/mgd77/mgd77_functions.c
src/mgd77/mgd77_functions.h
src/mgd77/mgd77_init.h
src/mgd77/mgd77_recalc.h
src/mgd77/mgd77_rls_coeffs.h
src/mgd77/mgd77convert.1
src/mgd77/mgd77convert.c
src/mgd77/mgd77defaults.h
src/mgd77/mgd77info.1
src/mgd77/mgd77info.c
src/mgd77/mgd77list.1
src/mgd77/mgd77list.c
src/mgd77/mgd77magref.1
src/mgd77/mgd77magref.h
src/mgd77/mgd77magref.c
src/mgd77/mgd77manage.1
src/mgd77/mgd77manage.c
src/mgd77/mgd77path.1
src/mgd77/mgd77path.c
src/mgd77/mgd77sniffer.1
src/mgd77/mgd77sniffer.h
src/mgd77/mgd77sniffer.c
src/mgd77/mgd77snifferdefaults.h
src/mgd77/mgd77track.1
src/mgd77/mgd77track.c
src/misc/Makefile
src/misc/README.misc
src/misc/dim.template.sh
src/misc/dimfilter.1
src/misc/dimfilter.c
src/misc/gmtdigitize.1
src/misc/gmtdigitize.c
src/potential/Makefile
src/potential/README.potential
src/potential/gmt_potential.h
src/potential/redpol.1
src/potential/redpol.c
src/potential/xyzokb.1
src/potential/xyzokb.c
src/segyprogs/Makefile
src/segyprogs/Makefile
src/segyprogs/README.segyprogs
src/segyprogs/gmt_segy.h
src/segyprogs/pssegy.1
src/segyprogs/pssegy.c
src/segyprogs/pssegyz.1
src/segyprogs/pssegyz.c
src/segyprogs/segy.h
src/segyprogs/segy2grd.1
src/segyprogs/segy2grd.c
src/segyprogs/segy_io.c
src/segyprogs/segy_io.h
src/segyprogs/segyprogs_1.sh
src/segyprogs/segyprogs_2.sh
src/segyprogs/segyprogs_3.sh
src/segyprogs/segyprogs_4.sh
src/segyprogs/segyprogs_5.sh
src/segyprogs/segyreel.h
src/segyprogs/test.cpt
src/segyprogs/test.list
src/segyprogs/wa1_mig13.segy
src/sph/Makefile
src/sph/README.sph
src/sph/gshhs_c.txt
src/sph/hotspots.d
src/sph/lun2.txt
src/sph/mars370.txt
src/sph/gmt_sph.h
src/sph/sph.c
src/sph/sph.h
src/sph/sph_ex_1.sh
src/sph/sph_ex_2.sh
src/sph/sph_ex_3.sh
src/sph/sph_ex_4.sh
src/sph/sphdistance.1
src/sph/sphdistance.c
src/sph/sphinterpolate.1
src/sph/sphinterpolate.c
src/sph/sphtriangulate.1
src/sph/sphtriangulate.c
src/sph/ssrfpack.c
src/sph/stripack.c
src/spotter/DC85.d
src/spotter/Makefile
src/spotter/README.spotter
src/spotter/WK97.d
src/spotter/gmt_spotter.h
src/spotter/backtracker.1
src/spotter/backtracker.c
src/spotter/grdpmodeler.1
src/spotter/grdpmodeler.c
src/spotter/grdrotater.1
src/spotter/grdrotater.c
src/spotter/grdspotter.1
src/spotter/grdspotter.c
src/spotter/hotspotter.1
src/spotter/hotspotter.c
src/spotter/libspotter.c
src/spotter/makespotter.bat
src/spotter/originator.1
src/spotter/originator.c
src/spotter/pac_hs.d
src/spotter/rotconverter.1
src/spotter/rotconverter.c
src/spotter/seamounts.d
src/spotter/spotter.bat
src/spotter/spotter.h
src/spotter/spotter.sh
src/x2sys/Makefile
src/x2sys/README.x2sys
src/x2sys/gmt_x2sys.h
src/x2sys/x2sys.c
src/x2sys/x2sys.h
src/x2sys/x2sys_binlist.1
src/x2sys/x2sys_binlist.c
src/x2sys/x2sys_cross.1
src/x2sys/x2sys_cross.c
src/x2sys/x2sys_datalist.1
src/x2sys/x2sys_datalist.c
src/x2sys/x2sys_get.1
src/x2sys/x2sys_get.c
src/x2sys/x2sys_init.1
src/x2sys/x2sys_init.c
src/x2sys/x2sys_list.1
src/x2sys/x2sys_list.c
src/x2sys/x2sys_merge.1
src/x2sys/x2sys_merge.c
src/x2sys/x2sys_put.1
src/x2sys/x2sys_put.c
src/x2sys/x2sys_report.1
src/x2sys/x2sys_report.c
src/x2sys/x2sys_solve.1
src/x2sys/x2sys_solve.c
src/xgrid/Makefile
src/xgrid/README.xgrid
src/xgrid/xGridEdit.c
src/xgrid/xgrid_Canvas.c
src/xgrid/xgrid_Canvas.h
src/xgrid/xgrid_CanvasP.h
src/xgrid/xgrid_GMTgrid.c
src/xgrid/xgrid_GMTgrid.h
src/xgrid/xgrid_Panner.c
src/xgrid/xgrid_Panner.h
src/xgrid/xgrid_PannerP.h
src/xgrid/xgrid_Xutility.c
src/xgrid/xgrid_Xutility.h
src/xgrid/xgrid_controls.c
src/xgrid/xgrid_controls.h
src/xgrid/xgrid_grid.h
src/xgrid/xgrid_messages.c
src/xgrid/xgrid_messages.h
src/xgrid/xgrid_textInput.c
src/xgrid/xgrid_textInput.h
src/xgrid/xgrid_textView.c
src/xgrid/xgrid_textView.h
src/xgrid/xgrid_utility.c
src/xgrid/xgrid_utility.h
src/xgrid/xgrid_view.c
src/xgrid/xgrid_view.h
doc/html/man/backtracker.html
doc/html/man/dimfilter.html
doc/html/man/gmtdigitize.html
doc/html/man/grdraster.html
doc/html/man/grdrotater.html
doc/html/man/grdpmodeler.html
doc/html/man/grdspotter.html
doc/html/man/gshhs.html
doc/html/man/gshhs_dp.html
doc/html/man/gshhstograss.html
doc/html/man/hotspotter.html
doc/html/man/img2grd.html
doc/html/man/mgd77convert.html
doc/html/man/mgd77info.html
doc/html/man/mgd77list.html
doc/html/man/mgd77magref.html
doc/html/man/mgd77manage.html
doc/html/man/mgd77path.html
doc/html/man/mgd77sniffer.html
doc/html/man/mgd77track.html
doc/html/man/originator.html
doc/html/man/pscoupe.html
doc/html/man/psmeca.html
doc/html/man/pspolar.html
doc/html/man/pssegy.html
doc/html/man/pssegyz.html
doc/html/man/psvelo.html
doc/html/man/rotconverter.html
doc/html/man/segy2grd.html
doc/html/man/sphdistance.html
doc/html/man/sphinterpolate.html
doc/html/man/sphtriangulate.html
doc/html/man/x2sys_binlist.html
doc/html/man/x2sys_cross.html
doc/html/man/x2sys_datalist.html
doc/html/man/x2sys_get.html
doc/html/man/x2sys_init.html
doc/html/man/x2sys_list.html
doc/html/man/x2sys_merge.html
doc/html/man/x2sys_put.html
doc/html/man/x2sys_report.html
doc/html/man/x2sys_solve.html
doc/html/man/gmt_shell_functions.html
doc/html/man/gmtcolors.html
doc/html/man/gmtget.html
doc/html/man/gmtlogo.html
doc/html/man/img2google.html
doc/html/man/isogmt.html
