#	$$
#
# GMT_share_bin.lis contains all the binary files that should go into the
# GMT_share tar/zip files.  See GMT_share_ascii.lis for ascii files
#
share/pattern/ps_pattern_01.ras
share/pattern/ps_pattern_02.ras
share/pattern/ps_pattern_03.ras
share/pattern/ps_pattern_04.ras
share/pattern/ps_pattern_05.ras
share/pattern/ps_pattern_06.ras
share/pattern/ps_pattern_07.ras
share/pattern/ps_pattern_08.ras
share/pattern/ps_pattern_09.ras
share/pattern/ps_pattern_10.ras
share/pattern/ps_pattern_11.ras
share/pattern/ps_pattern_12.ras
share/pattern/ps_pattern_13.ras
share/pattern/ps_pattern_14.ras
share/pattern/ps_pattern_15.ras
share/pattern/ps_pattern_16.ras
share/pattern/ps_pattern_17.ras
share/pattern/ps_pattern_18.ras
share/pattern/ps_pattern_19.ras
share/pattern/ps_pattern_20.ras
share/pattern/ps_pattern_21.ras
share/pattern/ps_pattern_22.ras
share/pattern/ps_pattern_23.ras
share/pattern/ps_pattern_24.ras
share/pattern/ps_pattern_25.ras
share/pattern/ps_pattern_26.ras
share/pattern/ps_pattern_27.ras
share/pattern/ps_pattern_28.ras
share/pattern/ps_pattern_29.ras
share/pattern/ps_pattern_30.ras
share/pattern/ps_pattern_31.ras
share/pattern/ps_pattern_32.ras
share/pattern/ps_pattern_33.ras
share/pattern/ps_pattern_34.ras
share/pattern/ps_pattern_35.ras
share/pattern/ps_pattern_36.ras
share/pattern/ps_pattern_37.ras
share/pattern/ps_pattern_38.ras
share/pattern/ps_pattern_39.ras
share/pattern/ps_pattern_40.ras
share/pattern/ps_pattern_41.ras
share/pattern/ps_pattern_42.ras
share/pattern/ps_pattern_43.ras
share/pattern/ps_pattern_44.ras
share/pattern/ps_pattern_45.ras
share/pattern/ps_pattern_46.ras
share/pattern/ps_pattern_47.ras
share/pattern/ps_pattern_48.ras
share/pattern/ps_pattern_49.ras
share/pattern/ps_pattern_50.ras
share/pattern/ps_pattern_51.ras
share/pattern/ps_pattern_52.ras
share/pattern/ps_pattern_53.ras
share/pattern/ps_pattern_54.ras
share/pattern/ps_pattern_55.ras
share/pattern/ps_pattern_56.ras
share/pattern/ps_pattern_57.ras
share/pattern/ps_pattern_58.ras
share/pattern/ps_pattern_59.ras
share/pattern/ps_pattern_60.ras
share/pattern/ps_pattern_61.ras
share/pattern/ps_pattern_62.ras
share/pattern/ps_pattern_63.ras
share/pattern/ps_pattern_64.ras
share/pattern/ps_pattern_65.ras
share/pattern/ps_pattern_66.ras
share/pattern/ps_pattern_67.ras
share/pattern/ps_pattern_68.ras
share/pattern/ps_pattern_69.ras
share/pattern/ps_pattern_70.ras
share/pattern/ps_pattern_71.ras
share/pattern/ps_pattern_72.ras
share/pattern/ps_pattern_73.ras
share/pattern/ps_pattern_74.ras
share/pattern/ps_pattern_75.ras
share/pattern/ps_pattern_76.ras
share/pattern/ps_pattern_77.ras
share/pattern/ps_pattern_78.ras
share/pattern/ps_pattern_79.ras
share/pattern/ps_pattern_80.ras
share/pattern/ps_pattern_81.ras
share/pattern/ps_pattern_82.ras
share/pattern/ps_pattern_83.ras
share/pattern/ps_pattern_84.ras
share/pattern/ps_pattern_85.ras
share/pattern/ps_pattern_86.ras
share/pattern/ps_pattern_87.ras
share/pattern/ps_pattern_88.ras
share/pattern/ps_pattern_89.ras
share/pattern/ps_pattern_90.ras
