src/dbase/README.dbase
src/dbase/grdraster.c
src/dbase/grdraster.1
src/dbase/makefile
share/dbase/grdraster.info
src/gshhs/README.gshhs
src/gshhs/gshhs.c
src/gshhs/gshhs.h
src/gshhs/gshhs.1
src/gshhs/gshhs_dp.c
src/gshhs/gshhs_dp.1
src/gshhs/gshhstograss.c
src/gshhs/gshhstograss.1
src/gshhs/makefile
src/imgsrc/README.imgsrc
src/imgsrc/gmt_imgsubs.c
src/imgsrc/gmt_imgsubs.h
src/imgsrc/img2mercgrd.c
src/imgsrc/img2mercgrd.1
src/imgsrc/img2grd
src/imgsrc/img2grd.1
src/imgsrc/img2google
src/imgsrc/img2google.1
src/imgsrc/makefile
src/meca/README.meca
src/meca/makefile
src/meca/psmeca.c
src/meca/psmeca.1
src/meca/pscoupe.c
src/meca/pscoupe.1
src/meca/pspolar.c
src/meca/pspolar.1
src/meca/psvelo.c
src/meca/psvelo.1
src/meca/submeca.c
src/meca/submeca.h
src/meca/utilmeca.c
src/meca/utilmeca.h
src/meca/utilstrain.c
src/meca/utilstrain.h
src/meca/utilvelo.c
src/meca/utilvelo.h
src/meca/distaz.c
src/meca/nrutil.c
src/meca/nrutil.h
src/meca/meca.h
src/meca/meca_1.csh
src/meca/meca_2.csh
src/meca/meca_3.csh
src/meca/meca_4.csh
src/mex/README.mex
src/mex/grdinfo.m
src/mex/grdinfo.c
src/mex/grdread.c
src/mex/grdread.m
src/mex/grdwrite.c
src/mex/grdwrite.m
src/mex/imgread.m
src/mex/makefile
src/mgd77/README.mgd77
src/mgd77/makefile
src/mgd77/mgd77.c
src/mgd77/mgd77defaults.h
src/mgd77/mgd77magref.h
src/mgd77/mgd77_IGF_coeffs.h
src/mgd77/mgd77_codes.h
src/mgd77/mgd77_functions.c
src/mgd77/mgd77_functions.h
src/mgd77/cm4_functions.c
src/mgd77/cm4_functions.h
src/mgd77/mgd77.h
src/mgd77/mgd77_e77.h
src/mgd77/mgd77_init.h
src/mgd77/mgd77_recalc.h
src/mgd77/mgd77_rls_coeffs.h
src/mgd77/mgd77convert.c
src/mgd77/mgd77convert.1
src/mgd77/mgd77info.c
src/mgd77/mgd77info.1
src/mgd77/mgd77list.c
src/mgd77/mgd77list.1
src/mgd77/mgd77magref.c
src/mgd77/mgd77magref.1
src/mgd77/mgd77manage.c
src/mgd77/mgd77manage.1
src/mgd77/mgd77path.c
src/mgd77/mgd77path.1
src/mgd77/mgd77sniffer.c
src/mgd77/mgd77sniffer.h
src/mgd77/mgd77snifferdefaults.h
src/mgd77/mgd77sniffer.1
src/mgd77/mgd77track.c
src/mgd77/mgd77track.1
share/mgd77/mgd77_paths.txt
share/mgd77/Dst_all.wdc
share/mgd77/F107_mon.plt
share/mgd77/umdl.CM4
src/mgg/README.mgg
src/mgg/binlegs.c
src/mgg/binlegs.1
src/mgg/dat2gmt.c
src/mgg/carter.h
src/mgg/dat2gmt.1
src/mgg/gmt2bin.c
src/mgg/gmt2bin.1
src/mgg/gmt2dat.c
src/mgg/gmt2dat.1
src/mgg/gmt_mgg.c
src/mgg/gmt_mgg.h
src/mgg/gmtinfo.c
src/mgg/gmtinfo.1
src/mgg/gmtlegs.c
src/mgg/gmtlegs.1
src/mgg/gmtlist.c
src/mgg/gmtlist.1
src/mgg/gmtpath.c
src/mgg/gmtpath.1
src/mgg/gmttrack.c
src/mgg/gmttrack.1
src/mgg/makefile
src/mgg/mgd77togmt.c
src/mgg/mgd77togmt.1
share/mgg/carter.d
share/mgg/gmtfile_paths
src/misc/README.misc
src/misc/makefile
src/misc/dimfilter.c
src/misc/dimfilter.1
src/misc/dim.template.sh
src/misc/gmt2kml.c
src/misc/gmt2kml.1
src/misc/gmtdigitize.c
src/misc/gmtdigitize.1
src/misc/gmtdp.c
src/misc/gmtdp.1
src/misc/gmtstitch.c
src/misc/gmtstitch.1
src/misc/kml2gmt.c
src/misc/kml2gmt.1
src/misc/makepattern.c
src/misc/makepattern.1
src/misc/nc2xy.c
src/misc/nc2xy.1
src/misc/psmegaplot.c
src/misc/psmegaplot.1
src/segyprogs/README.segyprogs
src/segyprogs/makefile
src/segyprogs/makefile
src/segyprogs/pssegy.c
src/segyprogs/pssegy.1
src/segyprogs/pssegyz.c
src/segyprogs/pssegyz.1
src/segyprogs/segy2grd.c
src/segyprogs/segy2grd.1
src/segyprogs/segy.h
src/segyprogs/segy_io.c
src/segyprogs/segy_io.h
src/segyprogs/segyreel.h
src/segyprogs/segyprogs_1.sh
src/segyprogs/segyprogs_2.sh
src/segyprogs/segyprogs_3.sh
src/segyprogs/segyprogs_4.sh
src/segyprogs/segyprogs_5.sh
src/segyprogs/test.list
src/segyprogs/test.cpt
src/segyprogs/wa1_mig13.segy
src/sph/README.sph
src/sph/sphdistance.c
src/sph/sphdistance.1
src/sph/sphtriangulate.c
src/sph/sphtriangulate.1
src/sph/sphinterpolate.c
src/sph/sphinterpolate.1
src/sph/sph.c
src/sph/sph.h
src/sph/stripack.c
src/sph/ssrfpack.c
src/sph/makefile
src/sph/sph_ex_1.sh
src/sph/sph_ex_2.sh
src/sph/sph_ex_3.sh
src/sph/sph_ex_4.sh
src/sph/mars370.txt
src/sph/lun2.txt
src/sph/hotspots.d
src/sph/gshhs_c.txt
src/spotter/README.spotter
src/spotter/WK97.d
src/spotter/DC85.d
src/spotter/backtracker.c
src/spotter/backtracker.1
src/spotter/hotspotter.c
src/spotter/hotspotter.1
src/spotter/originator.c
src/spotter/rotconverter.1
src/spotter/rotconverter.c
src/spotter/grdrotater.c
src/spotter/grdrotater.1
src/spotter/grdspotter.c
src/spotter/grdspotter.1
src/spotter/originator.1
src/spotter/libspotter.c
src/spotter/makefile
src/spotter/makespotter.bat
src/spotter/seamounts.d
src/spotter/pac_hs.d
src/spotter/spotter.bat
src/spotter/spotter.h
src/spotter/spotter.sh
src/x2sys/README.x2sys
src/x2sys/x2sys.c
src/x2sys/x2sys.h
src/x2sys/x2sys_binlist.c
src/x2sys/x2sys_binlist.1
src/x2sys/x2sys_datalist.c
src/x2sys/x2sys_datalist.1
src/x2sys/x2sys_list.c
src/x2sys/x2sys_list.1
src/x2sys/x2sys_cross.c
src/x2sys/x2sys_cross.1
src/x2sys/x2sys_report.c
src/x2sys/x2sys_report.1
src/x2sys/x2sys_solve.c
src/x2sys/x2sys_solve.1
src/x2sys/x2sys_get.c
src/x2sys/x2sys_get.1
src/x2sys/x2sys_init.c
src/x2sys/x2sys_init.1
src/x2sys/x2sys_put.c
src/x2sys/x2sys_put.1
src/x2sys/makefile
share/x2sys/geo.def
share/x2sys/geoz.def
share/x2sys/gmt.def
share/x2sys/mgd77.def
share/x2sys/mgd77+.def
share/x2sys/xy.def
share/x2sys/xyz.def
src/x_system/README.x_system
src/x_system/makefile
src/x_system/x_edit.c
src/x_system/x_edit.1
src/x_system/x_init.c
src/x_system/x_init.1
src/x_system/x_list.c
src/x_system/x_list.1
src/x_system/x_over.c
src/x_system/x_over.1
src/x_system/x_remove.c
src/x_system/x_remove.1
src/x_system/x_report.c
src/x_system/x_report.1
src/x_system/x_setup.c
src/x_system/x_setup.1
src/x_system/x_solve_dc_drift.c
src/x_system/x_solve_dc_drift.1
src/x_system/x_system.h
src/x_system/x_system.1
src/x_system/x_update.c
src/x_system/x_update.1
src/xgrid/README.xgrid
src/xgrid/makefile
src/xgrid/xGridEdit.c
src/xgrid/xgrid_Canvas.c
src/xgrid/xgrid_Canvas.h
src/xgrid/xgrid_CanvasP.h
src/xgrid/xgrid_GMTgrid.c
src/xgrid/xgrid_GMTgrid.h
src/xgrid/xgrid_Panner.c
src/xgrid/xgrid_Panner.h
src/xgrid/xgrid_PannerP.h
src/xgrid/xgrid_Xutility.c
src/xgrid/xgrid_Xutility.h
src/xgrid/xgrid_controls.c
src/xgrid/xgrid_controls.h
src/xgrid/xgrid_grid.h
src/xgrid/xgrid_messages.c
src/xgrid/xgrid_messages.h
src/xgrid/xgrid_textInput.c
src/xgrid/xgrid_textInput.h
src/xgrid/xgrid_textView.c
src/xgrid/xgrid_textView.h
src/xgrid/xgrid_utility.c
src/xgrid/xgrid_utility.h
src/xgrid/xgrid_view.c
src/xgrid/xgrid_view.h
share/doc/gmt/html/man/grdraster.html
share/doc/gmt/html/man/gshhs.html
share/doc/gmt/html/man/gshhs_dp.html
share/doc/gmt/html/man/gshhstograss.html
share/doc/gmt/html/man/img2mercgrd.html
share/doc/gmt/html/man/img2grd.html
share/doc/gmt/html/man/psmeca.html
share/doc/gmt/html/man/pscoupe.html
share/doc/gmt/html/man/pspolar.html
share/doc/gmt/html/man/psvelo.html
share/doc/gmt/html/man/mgd77convert.html
share/doc/gmt/html/man/mgd77info.html
share/doc/gmt/html/man/mgd77list.html
share/doc/gmt/html/man/mgd77magref.html
share/doc/gmt/html/man/mgd77manage.html
share/doc/gmt/html/man/mgd77path.html
share/doc/gmt/html/man/mgd77sniffer.html
share/doc/gmt/html/man/mgd77track.html
share/doc/gmt/html/man/binlegs.html
share/doc/gmt/html/man/dat2gmt.html
share/doc/gmt/html/man/gmt2bin.html
share/doc/gmt/html/man/gmt2dat.html
share/doc/gmt/html/man/gmtinfo.html
share/doc/gmt/html/man/gmtlegs.html
share/doc/gmt/html/man/gmtlist.html
share/doc/gmt/html/man/gmtpath.html
share/doc/gmt/html/man/gmttrack.html
share/doc/gmt/html/man/mgd77togmt.html
share/doc/gmt/html/man/dimfilter.html
share/doc/gmt/html/man/gmt2kml.html
share/doc/gmt/html/man/gmtdigitize.html
share/doc/gmt/html/man/gmtdp.html
share/doc/gmt/html/man/gmtstitch.html
share/doc/gmt/html/man/kml2gmt.html
share/doc/gmt/html/man/makepattern.html
share/doc/gmt/html/man/nc2xy.html
share/doc/gmt/html/man/psmegaplot.html
share/doc/gmt/html/man/pssegy.html
share/doc/gmt/html/man/pssegyz.html
share/doc/gmt/html/man/segy2grd.html
share/doc/gmt/html/man/backtracker.html
share/doc/gmt/html/man/hotspotter.html
share/doc/gmt/html/man/rotconverter.html
share/doc/gmt/html/man/grdrotater.html
share/doc/gmt/html/man/grdspotter.html
share/doc/gmt/html/man/originator.html
share/doc/gmt/html/man/x2sys_binlist.html
share/doc/gmt/html/man/x2sys_datalist.html
share/doc/gmt/html/man/x2sys_list.html
share/doc/gmt/html/man/x2sys_cross.html
share/doc/gmt/html/man/x2sys_report.html
share/doc/gmt/html/man/x2sys_solve.html
share/doc/gmt/html/man/x2sys_get.html
share/doc/gmt/html/man/x2sys_init.html
share/doc/gmt/html/man/x2sys_put.html
share/doc/gmt/html/man/x_edit.html
share/doc/gmt/html/man/x_init.html
share/doc/gmt/html/man/x_list.html
share/doc/gmt/html/man/x_over.html
share/doc/gmt/html/man/x_remove.html
share/doc/gmt/html/man/x_report.html
share/doc/gmt/html/man/x_setup.html
share/doc/gmt/html/man/x_solve_dc_drift.html
share/doc/gmt/html/man/x_system.html
share/doc/gmt/html/man/x_update.html
