www/gmt/gmt_services.html
www/gmt/gmt_man.html
www/gmt/gmt_suppl.html
www/gmt/gmt_back.gif
www/gmt/doc/html/blockmean.html
www/gmt/doc/html/blockmedian.html
www/gmt/doc/html/blockmode.html
www/gmt/doc/html/filter1d.html
www/gmt/doc/html/fitcircle.html
www/gmt/doc/html/GMT.html
www/gmt/doc/html/gmt2rgb.html
www/gmt/doc/html/gmtconvert.html
www/gmt/doc/html/gmtdefaults.html
www/gmt/doc/html/gmtmath.html
www/gmt/doc/html/gmtselect.html
www/gmt/doc/html/gmtset.html
www/gmt/doc/html/grd2cpt.html
www/gmt/doc/html/grd2xyz.html
www/gmt/doc/html/grdblend.html
www/gmt/doc/html/grdclip.html
www/gmt/doc/html/grdcontour.html
www/gmt/doc/html/grdcut.html
www/gmt/doc/html/grdedit.html
www/gmt/doc/html/grdfft.html
www/gmt/doc/html/grdfilter.html
www/gmt/doc/html/grdgradient.html
www/gmt/doc/html/grdhisteq.html
www/gmt/doc/html/grdimage.html
www/gmt/doc/html/grdinfo.html
www/gmt/doc/html/grdlandmask.html
www/gmt/doc/html/grdmask.html
www/gmt/doc/html/grdmath.html
www/gmt/doc/html/grdpaste.html
www/gmt/doc/html/grdproject.html
www/gmt/doc/html/grdreformat.html
www/gmt/doc/html/grdsample.html
www/gmt/doc/html/grdtrack.html
www/gmt/doc/html/grdtrend.html
www/gmt/doc/html/grdvector.html
www/gmt/doc/html/grdview.html
www/gmt/doc/html/grdvolume.html
www/gmt/doc/html/greenspline.html
www/gmt/doc/html/makecpt.html
www/gmt/doc/html/mapproject.html
www/gmt/doc/html/minmax.html
www/gmt/doc/html/nearneighbor.html
www/gmt/doc/html/project.html
www/gmt/doc/html/ps2raster.html
www/gmt/doc/html/psbasemap.html
www/gmt/doc/html/psclip.html
www/gmt/doc/html/pscoast.html
www/gmt/doc/html/pscontour.html
www/gmt/doc/html/pshistogram.html
www/gmt/doc/html/psimage.html
www/gmt/doc/html/pslegend.html
www/gmt/doc/html/pslib.html
www/gmt/doc/html/psmask.html
www/gmt/doc/html/psrose.html
www/gmt/doc/html/psscale.html
www/gmt/doc/html/pstext.html
www/gmt/doc/html/pswiggle.html
www/gmt/doc/html/psxy.html
www/gmt/doc/html/psxyz.html
www/gmt/doc/html/sample1d.html
www/gmt/doc/html/spectrum1d.html
www/gmt/doc/html/splitxyz.html
www/gmt/doc/html/surface.html
www/gmt/doc/html/trend1d.html
www/gmt/doc/html/trend2d.html
www/gmt/doc/html/triangulate.html
www/gmt/doc/html/xyz2grd.html
