#	$Id: GMT_progs_files_ascii.lis,v 1.7 2004-01-12 00:37:22 pwessel Exp $
#
# GMT_progs_files_ascii.lis contains all the ascii files that should go into the
# GMT_progs tar/zip files.  See GMT_progs_files_bin.lis for binary files
#
CHANGES
README
README.WIN32
COPYING
config.guess
config.sub
configure.in
configure
gmt_bench-marks
install-sh
Makefile
src/Makefile
src/makegmt.macros.in
src/GMT.in
src/alpha-sincos.s
src/gmtinstall.bat
src/gmtenv.bat
src/gmtsuppl.bat
src/gmt.h
src/gmt_bcr.h
src/gmt_boundcond.h
src/gmt_calclock.h
src/gmt_colors.h
src/gmt_customio.h
src/gmt_datums.h
src/gmt_defaults.h
src/gmt_ellipsoids.h
src/gmt_funcnames.h
src/gmt_grd.h
src/gmt_grdio.h
src/gmt_init.h
src/gmt_io.h
src/gmt_keycases.h
src/gmt_keywords.h
src/gmt_map.h
src/gmt_math.h
src/gmt_mgg_header2.h
src/gmt_notposix.h.in
src/gmt_notunix.h
src/gmt_media_name.h
src/gmt_media_size.h
src/gmt_shore.h
src/gmt_time_systems.h
src/gmt_project.h
src/gmt_symbol.h
src/gmt_unique.h
src/pslib.h
src/pslib_inc.h
src/fourt.c
src/blockmean.c
src/blockmedian.c
src/blockmode.c
src/filter1d.c
src/fitcircle.c
src/gmt_calclock.c
src/gmt_cdf.c
src/gmt_customio.c
src/gmt_grdio.c
src/gmt_init.c
src/gmt_io.c
src/gmt_map.c
src/gmt_mgg_header2.c
src/gmt_nan_init.c
src/gmt_plot.c
src/gmt_shore.c
src/gmt_stat.c
src/gmt_support.c
src/gmt_vector.c
src/gmt2rgb.c
src/gmtdefaults.c
src/gmtconvert.c
src/gmtmath.c
src/gmtmath_def.h
src/gmtmath_explain.h
src/gmtselect.c
src/gmtset.c
src/grd2cpt.c
src/grd2xyz.c
src/grdblend.c
src/grdclip.c
src/grdcontour.c
src/grdcut.c
src/grdedit.c
src/grdfft.c
src/grdfilter.c
src/grdgradient.c
src/grdhisteq.c
src/grdimage.c
src/grdinfo.c
src/grdlandmask.c
src/grdmask.c
src/grdmath.c
src/grdmath_def.h
src/grdmath_explain.h
src/grdpaste.c
src/grdproject.c
src/grdreformat.c
src/grdsample.c
src/grdtrack.c
src/grdtrend.c
src/grdvector.c
src/grdview.c
src/grdvolume.c
src/makecpt.c
src/mapproject.c
src/minmax.c
src/nearneighbor.c
src/project.c
src/psbasemap.c
src/psclip.c
src/pscoast.c
src/pscontour.c
src/pshistogram.c
src/psimage.c
src/pslib.c
src/pslegend.c
src/psmask.c
src/psrose.c
src/psscale.c
src/pstext.c
src/pswiggle.c
src/psxy.c
src/psxyz.c
src/sample1d.c
src/spectrum1d.c
src/splitxyz.c
src/surface.c
src/trend1d.c
src/trend2d.c
src/triangulate.c
src/xyz2grd.c
share/GMT_CPT.lis
share/cpt/GMT_cool.cpt
share/cpt/GMT_copper.cpt
share/cpt/GMT_drywet.cpt
share/cpt/GMT_gebco.cpt
share/cpt/GMT_globe.cpt
share/cpt/GMT_gray.cpt
share/cpt/GMT_haxby.cpt
share/cpt/GMT_hot.cpt
share/cpt/GMT_jet.cpt
share/cpt/GMT_no_green.cpt
share/cpt/GMT_ocean.cpt
share/cpt/GMT_polar.cpt
share/cpt/GMT_rainbow.cpt
share/cpt/GMT_red2green.cpt
share/cpt/GMT_relief.cpt
share/cpt/GMT_sealand.cpt
share/cpt/GMT_seis.cpt
share/cpt/GMT_split.cpt
share/cpt/GMT_topo.cpt
share/cpt/GMT_wysiwyg.cpt
share/pslib/PSL_text.ps
share/pslib/PSL_prologue.ps
share/pslib/ISO-8859-1.ps
share/pslib/ISO-8859-2.ps
share/pslib/ISO-8859-3.ps
share/pslib/ISO-8859-4.ps
share/pslib/ISO-8859-5.ps
share/pslib/ISO-8859-6.ps
share/pslib/ISO-8859-7.ps
share/pslib/ISO-8859-8.ps
share/pslib/ISO-8859-9.ps
share/pslib/ISO-8859-10.ps
share/pslib/ISO-8859-13.ps
share/pslib/ISO-8859-14.ps
share/pslib/ISO-8859-15.ps
share/pslib/ISOLatin1.ps
share/pslib/ISOLatin1+.ps
share/pslib/Standard.ps
share/pslib/Standard+.ps
share/pslib/PS_font_info.d
share/time/de.d
share/time/dk.d
share/time/eh.d
share/time/es.d
share/time/fi.d
share/time/fr.d
share/time/gr.d
share/time/hu.d
share/time/it.d
share/time/nl.d
share/time/no.d
share/time/pt.d
share/time/se.d
share/time/to.d
share/time/tr.d
share/time/us.d
share/custom/circle.def
share/custom/diamond.def
share/custom/hexagon.def
share/custom/invtriangle.def
share/custom/square.def
share/custom/star.def
share/custom/triangle.def
share/custom/volcano.def
share/gmt.conf
share/gmtmedia.d
share/gmtformats.d
share/.gmtdefaults_SI
share/.gmtdefaults_US
