examples/README.SCRIPTS
examples/do_examples.sh
examples/do_examples.csh
examples/do_examples.bat
examples/do_view.sh
examples/do_view.csh
examples/do_view.bat
examples/view.bat
examples/ex01/osu91a1f_16.nc
examples/ex01/job01.csh
examples/ex01/job01.sh
examples/ex01/job01.bat
examples/ex02/HI_topo2.nc
examples/ex02/HI_geoid2.nc
examples/ex02/job02.sh
examples/ex02/job02.csh
examples/ex02/job02.bat
examples/ex03/sat.xyg
examples/ex03/ship.xyg
examples/ex03/shipsat.dos
examples/ex03/job03.csh
examples/ex03/job03.sh
examples/ex03/job03.bat
examples/ex04/HI_geoid4.nc
examples/ex04/topo.cpt
examples/ex04/HI_topo4.nc
examples/ex04/geoid.cpt
examples/ex04/job04.csh
examples/ex04/job04.sh
examples/ex04/job04.bat
examples/ex04/job04c.csh
examples/ex04/job04c.sh
examples/ex04/job04c.bat
examples/ex05/job05.sh
examples/ex05/job05.csh
examples/ex05/job05.bat
examples/ex06/v3206.t
examples/ex06/fractures.d
examples/ex06/job06.csh
examples/ex06/job06.sh
examples/ex06/job06.bat
examples/ex07/quakes.xym
examples/ex07/isochron.xy
examples/ex07/fz.xy
examples/ex07/ridge.xy
examples/ex07/job07.csh
examples/ex07/job07.sh
examples/ex07/job07.bat
examples/ex08/guinea_bay.nc
examples/ex08/job08.csh
examples/ex08/job08.sh
examples/ex08/job08.bat
examples/ex09/track_d.223.xys
examples/ex09/track_d.25.xys
examples/ex09/track_d.251.xys
examples/ex09/track_d.51.xys
examples/ex09/track_d.53.xys
examples/ex09/track_d.79.xys
examples/ex09/track_d.81.xys
examples/ex09/track_d.109.xys
examples/ex09/track_d.111.xys
examples/ex09/track_d.137.xys
examples/ex09/track_d.139.xys
examples/ex09/track_d.165.xys
examples/ex09/track_d.167.xys
examples/ex09/track_d.193.xys
examples/ex09/track_d.195.xys
examples/ex09/track_d.197.xys
examples/ex09/track_d.21.xys
examples/ex09/track_d.225.xys
examples/ex09/track_d.23.xys
examples/ex09/track_d.253.xys
examples/ex09/track_d.279.xys
examples/ex09/track_d.281.xys
examples/ex09/track_d.283.xys
examples/ex09/track_d.309.xys
examples/ex09/track_d.311.xys
examples/ex09/track_d.337.xys
examples/ex09/track_d.339.xys
examples/ex09/track_d.365.xys
examples/ex09/track_d.367.xys
examples/ex09/track_d.369.xys
examples/ex09/track_d.395.xys
examples/ex09/track_d.397.xys
examples/ex09/track_d.423.xys
examples/ex09/track_d.425.xys
examples/ex09/track_d.427.xys
examples/ex09/track_d.451.xys
examples/ex09/track_d.453.xys
examples/ex09/track_d.455.xys
examples/ex09/track_d.481.xys
examples/ex09/track_d.483.xys
examples/ex09/track_d.49.xys
examples/ex09/all.xys
examples/ex09/fz.xy
examples/ex09/ridge.xy
examples/ex09/track_d.107.xys
examples/ex09/job09.csh
examples/ex09/job09.sh
examples/ex09/job09.bat
examples/ex10/agu2008.d
examples/ex10/job10.csh
examples/ex10/job10.sh
examples/ex10/job10.bat
examples/ex11/cut-here.dat
examples/ex11/job11.sh
examples/ex11/job11.csh
examples/ex11/job11.bat
examples/ex11/rays.dat
examples/ex12/table_5.11
examples/ex12/job12.sh
examples/ex12/job12.csh
examples/ex12/job12.bat
examples/ex13/job13.csh
examples/ex13/job13.sh
examples/ex13/job13.bat
examples/ex14/table_5.11
examples/ex14/job14.sh
examples/ex14/job14.csh
examples/ex14/job14.bat
examples/ex15/ship.xyz
examples/ex15/job15.sh
examples/ex15/job15.csh
examples/ex15/job15.bat
examples/ex16/table_5.11
examples/ex16/job16.csh
examples/ex16/job16.sh
examples/ex16/job16.bat
examples/ex16/ex16.cpt
examples/ex16/circuit.ras
examples/ex17/job17.csh
examples/ex17/job17.sh
examples/ex17/job17.bat
examples/ex17/india_geoid.nc
examples/ex17/india_topo.nc
examples/ex18/job18.csh
examples/ex18/job18.sh
examples/ex18/job18.bat
examples/ex18/AK_gulf_grav.nc
examples/ex19/job19.sh
examples/ex19/job19.csh
examples/ex19/job19.bat
examples/ex19/circuit.ras
examples/ex19/GMT_covertext.eps
examples/ex20/bullseye.def
examples/ex20/job20.sh
examples/ex20/job20.csh
examples/ex20/job20.bat
examples/ex21/job21.sh
examples/ex21/job21.csh
examples/ex21/job21.bat
examples/ex21/RHAT_price.csv
examples/ex22/job22.sh
examples/ex22/job22.csh
examples/ex22/job22.bat
examples/ex22/neic_quakes.d
examples/ex22/USGS.ras
examples/ex23/job23.sh
examples/ex23/job23.csh
examples/ex23/job23.bat
examples/ex24/job24.sh
examples/ex24/job24.csh
examples/ex24/job24.bat
examples/ex24/oz_quakes.d
examples/ex25/job25.sh
examples/ex25/job25.csh
examples/ex25/job25.bat
examples/ex26/job26.sh
examples/ex26/job26.csh
examples/ex26/job26.bat
examples/ex27/job27.sh
examples/ex27/job27.csh
examples/ex27/job27.bat
examples/ex27/tasman_grav.nc
examples/ex28/job28.sh
examples/ex28/job28.csh
examples/ex28/job28.bat
examples/ex28/Kilauea.utm.nc
examples/ex29/job29.sh
examples/ex29/job29.csh
examples/ex29/job29.bat
examples/ex29/mars370.in
