./begin.c
./blockmean.c
./blockmedian.c
./blockmode.c
./clear.c
./docs.c
./end.c
./figure.c
./filter1d.c
./fitcircle.c
./gmt.c
./gmt2kml.c
./gmtconnect.c
./gmtconvert.c
./gmtdefaults.c
./gmtget.c
./gmtinfo.c
./gmtlogo.c
./gmtmath.c
./gmtread.c
./gmtregress.c
./gmtselect.c
./gmtset.c
./gmtsimplify.c
./gmtspatial.c
./gmtvector.c
./gmtwhich.c
./gmtwrite.c
./grd2cpt.c
./grd2kml.c
./grd2xyz.c
./grdblend.c
./grdclip.c
./grdcontour.c
./grdconvert.c
./grdcut.c
./grdedit.c
./grdfft.c
./grdfill.c
./grdfilter.c
./grdfilter_mt.c
./grdgradient.c
./grdhisteq.c
./grdimage.c
./grdinfo.c
./grdlandmask.c
./grdmask.c
./grdmath.c
./grdpaste.c
./grdproject.c
./grdsample.c
./grdtrack.c
./grdtrend.c
./grdvector.c
./grdview.c
./grdvolume.c
./greenspline.c
./gshhg/gshhg.c
./img/img2grd.c
./kml2gmt.c
./makecpt.c
./mapproject.c
./meca/pscoupe.c
./meca/psmeca.c
./meca/pspolar.c
./meca/pssac.c
./meca/psvelo.c
./mgd77/mgd77convert.c
./mgd77/mgd77header.c
./mgd77/mgd77info.c
./mgd77/mgd77list.c
./mgd77/mgd77magref.c
./mgd77/mgd77manage.c
./mgd77/mgd77path.c
./mgd77/mgd77sniffer.c
./mgd77/mgd77track.c
./misc/dimfilter.c
./movie.c
./nearneighbor.c
./potential/earthtide.c
./potential/gmtflexure.c
./potential/gmtgravmag3d.c
./potential/gpsgridder.c
./potential/gravfft.c
./potential/grdflexure.c
./potential/grdgravmag3d.c
./potential/grdredpol.c
./potential/grdseamount.c
./potential/talwani2d.c
./potential/talwani3d.c
./project.c
./psbasemap.c
./psclip.c
./pscoast.c
./pscontour.c
./psconvert.c
./pshistogram.c
./psimage.c
./pslegend.c
./psmask.c
./psrose.c
./psscale.c
./pssolar.c
./psternary.c
./pstext.c
./pswiggle.c
./psxy.c
./psxy_new.c
./psxyz.c
./revert.c
./sample1d.c
./segy/pssegy.c
./segy/pssegyz.c
./segy/segy2grd.c
./spectrum1d.c
./sph2grd.c
./sphdistance.c
./sphinterpolate.c
./sphtriangulate.c
./splitxyz.c
./spotter/backtracker.c
./spotter/gmtpmodeler.c
./spotter/grdpmodeler.c
./spotter/grdrotater.c
./spotter/grdspotter.c
./spotter/hotspotter.c
./spotter/originater.c
./spotter/polespotter.c
./spotter/rotconverter.c
./spotter/rotsmoother.c
./subplot.c
./surface.c
./surface_experimental.c
./surface_old.c
./trend1d.c
./trend2d.c
./triangulate.c
./x2sys/x2sys_binlist.c
./x2sys/x2sys_cross.c
./x2sys/x2sys_datalist.c
./x2sys/x2sys_get.c
./x2sys/x2sys_init.c
./x2sys/x2sys_list.c
./x2sys/x2sys_merge.c
./x2sys/x2sys_put.c
./x2sys/x2sys_report.c
./x2sys/x2sys_solve.c
./xyz2grd.c
